Started GET "/groups/16/api/messages?id=219" for ::1 at 2019-04-22 01:57:43 +0900
  [1m[36mActiveRecord::SchemaMigration Load (0.9ms)[0m  [1m[34mSELECT `schema_migrations`.* FROM `schema_migrations`[0m
Processing by Api::MessagesController#index as JSON
  Parameters: {"id"=>"219", "group_id"=>"16"}
  [1m[36mUser Load (0.2ms)[0m  [1m[34mSELECT  `users`.* FROM `users` WHERE `users`.`id` = 6 ORDER BY `users`.`id` ASC LIMIT 1[0m
  [1m[36mGroup Load (2.6ms)[0m  [1m[34mSELECT  `groups`.* FROM `groups` WHERE `groups`.`id` = 16 LIMIT 1[0m
  Rendering api/messages/index.json.jbuilder
  [1m[36mMessage Load (6.7ms)[0m  [1m[34mSELECT `messages`.* FROM `messages` WHERE `messages`.`group_id` = 16 AND (id > '219')[0m
  Rendered api/messages/index.json.jbuilder (12.2ms)
Completed 200 OK in 127ms (Views: 27.3ms | ActiveRecord: 18.2ms)


Started GET "/groups/16/api/messages?id=219" for ::1 at 2019-04-22 01:57:44 +0900
Processing by Api::MessagesController#index as JSON
  Parameters: {"id"=>"219", "group_id"=>"16"}
  [1m[36mUser Load (0.3ms)[0m  [1m[34mSELECT  `users`.* FROM `users` WHERE `users`.`id` = 6 ORDER BY `users`.`id` ASC LIMIT 1[0m
  [1m[36mGroup Load (0.2ms)[0m  [1m[34mSELECT  `groups`.* FROM `groups` WHERE `groups`.`id` = 16 LIMIT 1[0m
  Rendering api/messages/index.json.jbuilder
  [1m[36mMessage Load (0.3ms)[0m  [1m[34mSELECT `messages`.* FROM `messages` WHERE `messages`.`group_id` = 16 AND (id > '219')[0m
  Rendered api/messages/index.json.jbuilder (1.5ms)
Completed 200 OK in 29ms (Views: 21.1ms | ActiveRecord: 0.8ms)


Started GET "/groups/16/api/messages?id=219" for ::1 at 2019-04-22 01:57:47 +0900
Processing by Api::MessagesController#index as JSON
  Parameters: {"id"=>"219", "group_id"=>"16"}
  [1m[36mUser Load (0.4ms)[0m  [1m[34mSELECT  `users`.* FROM `users` WHERE `users`.`id` = 6 ORDER BY `users`.`id` ASC LIMIT 1[0m
  [1m[36mGroup Load (0.2ms)[0m  [1m[34mSELECT  `groups`.* FROM `groups` WHERE `groups`.`id` = 16 LIMIT 1[0m
  Rendering api/messages/index.json.jbuilder
  [1m[36mMessage Load (0.3ms)[0m  [1m[34mSELECT `messages`.* FROM `messages` WHERE `messages`.`group_id` = 16 AND (id > '219')[0m
  Rendered api/messages/index.json.jbuilder (1.2ms)
Completed 200 OK in 25ms (Views: 17.7ms | ActiveRecord: 0.9ms)


Started GET "/groups/16/api/messages?id=219" for ::1 at 2019-04-22 01:57:48 +0900
Processing by Api::MessagesController#index as JSON
  Parameters: {"id"=>"219", "group_id"=>"16"}
  [1m[36mUser Load (0.3ms)[0m  [1m[34mSELECT  `users`.* FROM `users` WHERE `users`.`id` = 6 ORDER BY `users`.`id` ASC LIMIT 1[0m
  [1m[36mGroup Load (0.2ms)[0m  [1m[34mSELECT  `groups`.* FROM `groups` WHERE `groups`.`id` = 16 LIMIT 1[0m
  Rendering api/messages/index.json.jbuilder
  [1m[36mMessage Load (0.3ms)[0m  [1m[34mSELECT `messages`.* FROM `messages` WHERE `messages`.`group_id` = 16 AND (id > '219')[0m
  Rendered api/messages/index.json.jbuilder (1.1ms)
Completed 200 OK in 32ms (Views: 25.1ms | ActiveRecord: 0.8ms)


Started GET "/groups/16/api/messages?id=219" for ::1 at 2019-04-22 01:57:51 +0900
Processing by Api::MessagesController#index as JSON
  Parameters: {"id"=>"219", "group_id"=>"16"}
  [1m[36mUser Load (0.4ms)[0m  [1m[34mSELECT  `users`.* FROM `users` WHERE `users`.`id` = 6 ORDER BY `users`.`id` ASC LIMIT 1[0m
  [1m[36mGroup Load (0.4ms)[0m  [1m[34mSELECT  `groups`.* FROM `groups` WHERE `groups`.`id` = 16 LIMIT 1[0m
  Rendering api/messages/index.json.jbuilder
  [1m[36mMessage Load (0.3ms)[0m  [1m[34mSELECT `messages`.* FROM `messages` WHERE `messages`.`group_id` = 16 AND (id > '219')[0m
  Rendered api/messages/index.json.jbuilder (1.3ms)
Completed 200 OK in 29ms (Views: 20.0ms | ActiveRecord: 1.1ms)


Started GET "/groups/16/messages" for ::1 at 2019-04-22 01:57:52 +0900
Processing by MessagesController#index as HTML
  Parameters: {"group_id"=>"16"}
  [1m[36mUser Load (0.3ms)[0m  [1m[34mSELECT  `users`.* FROM `users` WHERE `users`.`id` = 6 ORDER BY `users`.`id` ASC LIMIT 1[0m
  [1m[36mGroup Load (0.2ms)[0m  [1m[34mSELECT  `groups`.* FROM `groups` WHERE `groups`.`id` = 16 LIMIT 1[0m
  Rendering messages/index.html.haml within layouts/application
  [1m[36mGroup Load (0.3ms)[0m  [1m[34mSELECT `groups`.* FROM `groups` INNER JOIN `group_users` ON `groups`.`id` = `group_users`.`group_id` WHERE `group_users`.`user_id` = 6[0m
  [1m[36mMessage Load (0.3ms)[0m  [1m[34mSELECT  `messages`.* FROM `messages` WHERE `messages`.`group_id` = 16 ORDER BY `messages`.`id` DESC LIMIT 1[0m
  Rendered shared/_side_bar.html.haml (29.8ms)
  [1m[36mUser Load (0.4ms)[0m  [1m[34mSELECT `users`.* FROM `users` INNER JOIN `group_users` ON `users`.`id` = `group_users`.`user_id` WHERE `group_users`.`group_id` = 16[0m
  [1m[36mMessage Load (0.5ms)[0m  [1m[34mSELECT `messages`.* FROM `messages` WHERE `messages`.`group_id` = 16[0m
  [1m[36mUser Load (0.3ms)[0m  [1m[34mSELECT `users`.* FROM `users` WHERE `users`.`id` = 6[0m
  Rendered collection of messages/_message.html.haml [9 times] (6.6ms)
  Rendered messages/index.html.haml within layouts/application (87.8ms)
Started GET "/groups/16/api/messages?id=219" for ::1 at 2019-04-22 01:57:53 +0900
Processing by Api::MessagesController#index as JSON
  Parameters: {"id"=>"219", "group_id"=>"16"}
  [1m[36mUser Load (0.7ms)[0m  [1m[34mSELECT  `users`.* FROM `users` WHERE `users`.`id` = 6 ORDER BY `users`.`id` ASC LIMIT 1[0m
  [1m[36mGroup Load (0.4ms)[0m  [1m[34mSELECT  `groups`.* FROM `groups` WHERE `groups`.`id` = 16 LIMIT 1[0m
  Rendering api/messages/index.json.jbuilder
  [1m[36mMessage Load (0.3ms)[0m  [1m[34mSELECT `messages`.* FROM `messages` WHERE `messages`.`group_id` = 16 AND (id > '219')[0m
  Rendered api/messages/index.json.jbuilder (1.4ms)
Completed 200 OK in 26ms (Views: 19.1ms | ActiveRecord: 1.4ms)


  Rendered layouts/_notifications.html.haml (1.4ms)
Completed 200 OK in 1313ms (Views: 1300.3ms | ActiveRecord: 4.0ms)


Started GET "/groups/16/api/messages?id=219" for ::1 at 2019-04-22 01:57:57 +0900
Processing by Api::MessagesController#index as JSON
  Parameters: {"id"=>"219", "group_id"=>"16"}
  [1m[36mUser Load (0.4ms)[0m  [1m[34mSELECT  `users`.* FROM `users` WHERE `users`.`id` = 6 ORDER BY `users`.`id` ASC LIMIT 1[0m
  [1m[36mGroup Load (0.2ms)[0m  [1m[34mSELECT  `groups`.* FROM `groups` WHERE `groups`.`id` = 16 LIMIT 1[0m
  Rendering api/messages/index.json.jbuilder
  [1m[36mMessage Load (0.3ms)[0m  [1m[34mSELECT `messages`.* FROM `messages` WHERE `messages`.`group_id` = 16 AND (id > '219')[0m
  Rendered api/messages/index.json.jbuilder (1.3ms)
Completed 200 OK in 25ms (Views: 17.7ms | ActiveRecord: 1.0ms)


Started GET "/groups/16/messages" for ::1 at 2019-04-22 01:57:58 +0900
Processing by MessagesController#index as HTML
  Parameters: {"group_id"=>"16"}
  [1m[36mUser Load (0.4ms)[0m  [1m[34mSELECT  `users`.* FROM `users` WHERE `users`.`id` = 6 ORDER BY `users`.`id` ASC LIMIT 1[0m
  [1m[36mGroup Load (0.4ms)[0m  [1m[34mSELECT  `groups`.* FROM `groups` WHERE `groups`.`id` = 16 LIMIT 1[0m
  Rendering messages/index.html.haml within layouts/application
  [1m[36mGroup Load (0.3ms)[0m  [1m[34mSELECT `groups`.* FROM `groups` INNER JOIN `group_users` ON `groups`.`id` = `group_users`.`group_id` WHERE `group_users`.`user_id` = 6[0m
  [1m[36mMessage Load (0.2ms)[0m  [1m[34mSELECT  `messages`.* FROM `messages` WHERE `messages`.`group_id` = 16 ORDER BY `messages`.`id` DESC LIMIT 1[0m
  Rendered shared/_side_bar.html.haml (6.5ms)
  [1m[36mUser Load (0.4ms)[0m  [1m[34mSELECT `users`.* FROM `users` INNER JOIN `group_users` ON `users`.`id` = `group_users`.`user_id` WHERE `group_users`.`group_id` = 16[0m
  [1m[36mMessage Load (0.3ms)[0m  [1m[34mSELECT `messages`.* FROM `messages` WHERE `messages`.`group_id` = 16[0m
  [1m[36mUser Load (0.2ms)[0m  [1m[34mSELECT `users`.* FROM `users` WHERE `users`.`id` = 6[0m
  Rendered collection of messages/_message.html.haml [9 times] (4.4ms)
  Rendered messages/index.html.haml within layouts/application (25.8ms)
  Rendered layouts/_notifications.html.haml (1.5ms)
Completed 200 OK in 76ms (Views: 65.0ms | ActiveRecord: 2.1ms)


Started GET "/groups/16/messages" for ::1 at 2019-04-22 01:57:59 +0900
Processing by MessagesController#index as HTML
  Parameters: {"group_id"=>"16"}
  [1m[36mUser Load (0.4ms)[0m  [1m[34mSELECT  `users`.* FROM `users` WHERE `users`.`id` = 6 ORDER BY `users`.`id` ASC LIMIT 1[0m
  [1m[36mGroup Load (0.5ms)[0m  [1m[34mSELECT  `groups`.* FROM `groups` WHERE `groups`.`id` = 16 LIMIT 1[0m
  Rendering messages/index.html.haml within layouts/application
  [1m[36mGroup Load (0.3ms)[0m  [1m[34mSELECT `groups`.* FROM `groups` INNER JOIN `group_users` ON `groups`.`id` = `group_users`.`group_id` WHERE `group_users`.`user_id` = 6[0m
  [1m[36mMessage Load (0.3ms)[0m  [1m[34mSELECT  `messages`.* FROM `messages` WHERE `messages`.`group_id` = 16 ORDER BY `messages`.`id` DESC LIMIT 1[0m
  Rendered shared/_side_bar.html.haml (8.0ms)
  [1m[36mUser Load (0.3ms)[0m  [1m[34mSELECT `users`.* FROM `users` INNER JOIN `group_users` ON `users`.`id` = `group_users`.`user_id` WHERE `group_users`.`group_id` = 16[0m
  [1m[36mMessage Load (0.2ms)[0m  [1m[34mSELECT `messages`.* FROM `messages` WHERE `messages`.`group_id` = 16[0m
  [1m[36mUser Load (0.2ms)[0m  [1m[34mSELECT `users`.* FROM `users` WHERE `users`.`id` = 6[0m
  Rendered collection of messages/_message.html.haml [9 times] (3.5ms)
  Rendered messages/index.html.haml within layouts/application (23.8ms)
  Rendered layouts/_notifications.html.haml (1.3ms)
Completed 200 OK in 65ms (Views: 54.4ms | ActiveRecord: 2.1ms)


Started GET "/groups/16/api/messages?id=219" for ::1 at 2019-04-22 01:58:00 +0900
Processing by Api::MessagesController#index as JSON
  Parameters: {"id"=>"219", "group_id"=>"16"}
  [1m[36mUser Load (0.3ms)[0m  [1m[34mSELECT  `users`.* FROM `users` WHERE `users`.`id` = 6 ORDER BY `users`.`id` ASC LIMIT 1[0m
  [1m[36mGroup Load (0.2ms)[0m  [1m[34mSELECT  `groups`.* FROM `groups` WHERE `groups`.`id` = 16 LIMIT 1[0m
  Rendering api/messages/index.json.jbuilder
  [1m[36mMessage Load (0.3ms)[0m  [1m[34mSELECT `messages`.* FROM `messages` WHERE `messages`.`group_id` = 16 AND (id > '219')[0m
  Rendered api/messages/index.json.jbuilder (1.1ms)
Completed 200 OK in 24ms (Views: 16.7ms | ActiveRecord: 0.8ms)


Started POST "/groups/16/messages" for ::1 at 2019-04-22 01:58:04 +0900
Processing by MessagesController#create as JSON
  Parameters: {"utf8"=>"âœ“", "authenticity_token"=>"2Q6xMUMvzOOXmVE2LWBFsK2VeEyPKzR5N+jkKwSomVCjElc3K40XPzMGn89CCe6MS6HJZjoD6s+wW/TR5qyJGw==", "message"=>{"content"=>"kkkkkkkkkkkk"}, "group_id"=>"16"}
  [1m[36mUser Load (0.3ms)[0m  [1m[34mSELECT  `users`.* FROM `users` WHERE `users`.`id` = 6 ORDER BY `users`.`id` ASC LIMIT 1[0m
  [1m[36mGroup Load (0.2ms)[0m  [1m[34mSELECT  `groups`.* FROM `groups` WHERE `groups`.`id` = 16 LIMIT 1[0m
  [1m[35m (0.1ms)[0m  [1m[35mBEGIN[0m
  [1m[36mUser Load (0.2ms)[0m  [1m[34mSELECT  `users`.* FROM `users` WHERE `users`.`id` = 6 LIMIT 1[0m
  [1m[35mSQL (0.2ms)[0m  [1m[32mINSERT INTO `messages` (`content`, `group_id`, `user_id`, `created_at`, `updated_at`) VALUES ('kkkkkkkkkkkk', 16, 6, '2019-04-21 16:58:04', '2019-04-21 16:58:04')[0m
  [1m[35m (0.5ms)[0m  [1m[35mCOMMIT[0m
  Rendering messages/create.json.jbuilder
  Rendered messages/create.json.jbuilder (0.6ms)
Completed 200 OK in 31ms (Views: 19.1ms | ActiveRecord: 1.6ms)


Started GET "/groups/16/api/messages?id=220" for ::1 at 2019-04-22 01:58:04 +0900
Processing by Api::MessagesController#index as JSON
  Parameters: {"id"=>"220", "group_id"=>"16"}
  [1m[36mUser Load (0.4ms)[0m  [1m[34mSELECT  `users`.* FROM `users` WHERE `users`.`id` = 6 ORDER BY `users`.`id` ASC LIMIT 1[0m
  [1m[36mGroup Load (0.2ms)[0m  [1m[34mSELECT  `groups`.* FROM `groups` WHERE `groups`.`id` = 16 LIMIT 1[0m
  Rendering api/messages/index.json.jbuilder
Started GET "/groups/16/api/messages?id=219" for ::1 at 2019-04-22 01:58:05 +0900
  [1m[36mMessage Load (0.4ms)[0m  [1m[34mSELECT `messages`.* FROM `messages` WHERE `messages`.`group_id` = 16 AND (id > '220')[0m
  Rendered api/messages/index.json.jbuilder (1.6ms)
Completed 200 OK in 27ms (Views: 19.2ms | ActiveRecord: 1.0ms)


Processing by Api::MessagesController#index as JSON
  Parameters: {"id"=>"219", "group_id"=>"16"}
  [1m[36mUser Load (0.8ms)[0m  [1m[34mSELECT  `users`.* FROM `users` WHERE `users`.`id` = 6 ORDER BY `users`.`id` ASC LIMIT 1[0m
  [1m[36mGroup Load (0.2ms)[0m  [1m[34mSELECT  `groups`.* FROM `groups` WHERE `groups`.`id` = 16 LIMIT 1[0m
  Rendering api/messages/index.json.jbuilder
  [1m[36mMessage Load (0.3ms)[0m  [1m[34mSELECT `messages`.* FROM `messages` WHERE `messages`.`group_id` = 16 AND (id > '219')[0m
  [1m[36mUser Load (0.2ms)[0m  [1m[34mSELECT  `users`.* FROM `users` WHERE `users`.`id` = 6 LIMIT 1[0m
  Rendered api/messages/index.json.jbuilder (2.5ms)
Completed 200 OK in 24ms (Views: 16.9ms | ActiveRecord: 1.6ms)


Started GET "/groups/16/api/messages?id=220" for ::1 at 2019-04-22 01:58:09 +0900
Processing by Api::MessagesController#index as JSON
  Parameters: {"id"=>"220", "group_id"=>"16"}
  [1m[36mUser Load (0.3ms)[0m  [1m[34mSELECT  `users`.* FROM `users` WHERE `users`.`id` = 6 ORDER BY `users`.`id` ASC LIMIT 1[0m
  [1m[36mGroup Load (0.2ms)[0m  [1m[34mSELECT  `groups`.* FROM `groups` WHERE `groups`.`id` = 16 LIMIT 1[0m
  Rendering api/messages/index.json.jbuilder
  [1m[36mMessage Load (0.3ms)[0m  [1m[34mSELECT `messages`.* FROM `messages` WHERE `messages`.`group_id` = 16 AND (id > '220')[0m
  Rendered api/messages/index.json.jbuilder (1.0ms)
Completed 200 OK in 24ms (Views: 17.5ms | ActiveRecord: 0.8ms)


Started GET "/groups/16/api/messages?id=220" for ::1 at 2019-04-22 01:58:10 +0900
Processing by Api::MessagesController#index as JSON
  Parameters: {"id"=>"220", "group_id"=>"16"}
  [1m[36mUser Load (0.2ms)[0m  [1m[34mSELECT  `users`.* FROM `users` WHERE `users`.`id` = 6 ORDER BY `users`.`id` ASC LIMIT 1[0m
  [1m[36mGroup Load (0.2ms)[0m  [1m[34mSELECT  `groups`.* FROM `groups` WHERE `groups`.`id` = 16 LIMIT 1[0m
  Rendering api/messages/index.json.jbuilder
  [1m[36mMessage Load (0.3ms)[0m  [1m[34mSELECT `messages`.* FROM `messages` WHERE `messages`.`group_id` = 16 AND (id > '220')[0m
  Rendered api/messages/index.json.jbuilder (1.1ms)
Completed 200 OK in 21ms (Views: 15.7ms | ActiveRecord: 0.7ms)


Started POST "/groups/16/messages" for ::1 at 2019-04-22 01:58:11 +0900
Processing by MessagesController#create as JSON
  Parameters: {"utf8"=>"âœ“", "authenticity_token"=>"2Q6xMUMvzOOXmVE2LWBFsK2VeEyPKzR5N+jkKwSomVCjElc3K40XPzMGn89CCe6MS6HJZjoD6s+wW/TR5qyJGw==", "message"=>{"content"=>"lklklklllk"}, "group_id"=>"16"}
  [1m[36mUser Load (0.3ms)[0m  [1m[34mSELECT  `users`.* FROM `users` WHERE `users`.`id` = 6 ORDER BY `users`.`id` ASC LIMIT 1[0m
  [1m[36mGroup Load (0.2ms)[0m  [1m[34mSELECT  `groups`.* FROM `groups` WHERE `groups`.`id` = 16 LIMIT 1[0m
  [1m[35m (0.1ms)[0m  [1m[35mBEGIN[0m
  [1m[36mUser Load (0.2ms)[0m  [1m[34mSELECT  `users`.* FROM `users` WHERE `users`.`id` = 6 LIMIT 1[0m
  [1m[35mSQL (0.3ms)[0m  [1m[32mINSERT INTO `messages` (`content`, `group_id`, `user_id`, `created_at`, `updated_at`) VALUES ('lklklklllk', 16, 6, '2019-04-21 16:58:11', '2019-04-21 16:58:11')[0m
  [1m[35m (1.8ms)[0m  [1m[35mCOMMIT[0m
  Rendering messages/create.json.jbuilder
  Rendered messages/create.json.jbuilder (0.5ms)
Completed 200 OK in 27ms (Views: 15.3ms | ActiveRecord: 2.8ms)


Started GET "/groups/16/api/messages?id=220" for ::1 at 2019-04-22 01:58:14 +0900
Processing by Api::MessagesController#index as JSON
  Parameters: {"id"=>"220", "group_id"=>"16"}
  [1m[36mUser Load (0.8ms)[0m  [1m[34mSELECT  `users`.* FROM `users` WHERE `users`.`id` = 6 ORDER BY `users`.`id` ASC LIMIT 1[0m
  [1m[36mGroup Load (0.9ms)[0m  [1m[34mSELECT  `groups`.* FROM `groups` WHERE `groups`.`id` = 16 LIMIT 1[0m
  Rendering api/messages/index.json.jbuilder
  [1m[36mMessage Load (0.4ms)[0m  [1m[34mSELECT `messages`.* FROM `messages` WHERE `messages`.`group_id` = 16 AND (id > '220')[0m
  [1m[36mUser Load (0.3ms)[0m  [1m[34mSELECT  `users`.* FROM `users` WHERE `users`.`id` = 6 LIMIT 1[0m
  Rendered api/messages/index.json.jbuilder (3.6ms)
Completed 200 OK in 45ms (Views: 27.7ms | ActiveRecord: 2.4ms)


Started GET "/groups/16/api/messages?id=221" for ::1 at 2019-04-22 01:58:15 +0900
Processing by Api::MessagesController#index as JSON
  Parameters: {"id"=>"221", "group_id"=>"16"}
  [1m[36mUser Load (0.3ms)[0m  [1m[34mSELECT  `users`.* FROM `users` WHERE `users`.`id` = 6 ORDER BY `users`.`id` ASC LIMIT 1[0m
  [1m[36mGroup Load (0.2ms)[0m  [1m[34mSELECT  `groups`.* FROM `groups` WHERE `groups`.`id` = 16 LIMIT 1[0m
  Rendering api/messages/index.json.jbuilder
  [1m[36mMessage Load (0.3ms)[0m  [1m[34mSELECT `messages`.* FROM `messages` WHERE `messages`.`group_id` = 16 AND (id > '221')[0m
  Rendered api/messages/index.json.jbuilder (1.1ms)
Completed 200 OK in 24ms (Views: 17.1ms | ActiveRecord: 0.9ms)


Started GET "/groups/16/api/messages?id=221" for ::1 at 2019-04-22 01:58:19 +0900
Processing by Api::MessagesController#index as JSON
  Parameters: {"id"=>"221", "group_id"=>"16"}
  [1m[36mUser Load (0.3ms)[0m  [1m[34mSELECT  `users`.* FROM `users` WHERE `users`.`id` = 6 ORDER BY `users`.`id` ASC LIMIT 1[0m
  [1m[36mGroup Load (0.2ms)[0m  [1m[34mSELECT  `groups`.* FROM `groups` WHERE `groups`.`id` = 16 LIMIT 1[0m
  Rendering api/messages/index.json.jbuilder
  [1m[36mMessage Load (0.3ms)[0m  [1m[34mSELECT `messages`.* FROM `messages` WHERE `messages`.`group_id` = 16 AND (id > '221')[0m
  Rendered api/messages/index.json.jbuilder (1.1ms)
Completed 200 OK in 24ms (Views: 16.7ms | ActiveRecord: 0.9ms)


Started GET "/groups/16/api/messages?id=221" for ::1 at 2019-04-22 01:58:21 +0900
Processing by Api::MessagesController#index as JSON
  Parameters: {"id"=>"221", "group_id"=>"16"}
  [1m[36mUser Load (0.3ms)[0m  [1m[34mSELECT  `users`.* FROM `users` WHERE `users`.`id` = 6 ORDER BY `users`.`id` ASC LIMIT 1[0m
  [1m[36mGroup Load (0.2ms)[0m  [1m[34mSELECT  `groups`.* FROM `groups` WHERE `groups`.`id` = 16 LIMIT 1[0m
  Rendering api/messages/index.json.jbuilder
  [1m[36mMessage Load (0.3ms)[0m  [1m[34mSELECT `messages`.* FROM `messages` WHERE `messages`.`group_id` = 16 AND (id > '221')[0m
  Rendered api/messages/index.json.jbuilder (1.1ms)
Completed 200 OK in 24ms (Views: 16.9ms | ActiveRecord: 0.8ms)


Started GET "/groups/16/api/messages?id=221" for ::1 at 2019-04-22 01:58:24 +0900
Processing by Api::MessagesController#index as JSON
  Parameters: {"id"=>"221", "group_id"=>"16"}
  [1m[36mUser Load (0.3ms)[0m  [1m[34mSELECT  `users`.* FROM `users` WHERE `users`.`id` = 6 ORDER BY `users`.`id` ASC LIMIT 1[0m
  [1m[36mGroup Load (0.2ms)[0m  [1m[34mSELECT  `groups`.* FROM `groups` WHERE `groups`.`id` = 16 LIMIT 1[0m
  Rendering api/messages/index.json.jbuilder
  [1m[36mMessage Load (0.3ms)[0m  [1m[34mSELECT `messages`.* FROM `messages` WHERE `messages`.`group_id` = 16 AND (id > '221')[0m
  Rendered api/messages/index.json.jbuilder (1.0ms)
Completed 200 OK in 26ms (Views: 19.0ms | ActiveRecord: 0.8ms)


Started GET "/groups/16/api/messages?id=221" for ::1 at 2019-04-22 01:58:25 +0900
Processing by Api::MessagesController#index as JSON
  Parameters: {"id"=>"221", "group_id"=>"16"}
  [1m[36mUser Load (0.3ms)[0m  [1m[34mSELECT  `users`.* FROM `users` WHERE `users`.`id` = 6 ORDER BY `users`.`id` ASC LIMIT 1[0m
  [1m[36mGroup Load (0.2ms)[0m  [1m[34mSELECT  `groups`.* FROM `groups` WHERE `groups`.`id` = 16 LIMIT 1[0m
  Rendering api/messages/index.json.jbuilder
  [1m[36mMessage Load (0.3ms)[0m  [1m[34mSELECT `messages`.* FROM `messages` WHERE `messages`.`group_id` = 16 AND (id > '221')[0m
  Rendered api/messages/index.json.jbuilder (1.2ms)
Completed 200 OK in 22ms (Views: 15.7ms | ActiveRecord: 0.8ms)


Started POST "/groups/16/messages" for ::1 at 2019-04-22 01:58:27 +0900
Processing by MessagesController#create as JSON
  Parameters: {"utf8"=>"âœ“", "authenticity_token"=>"S7rt+ke8xgE1kpsK04SNOJLAA5Dw0uX/Yx31pSP0094xpgv8Lx4d3ZENVfO87SYEdPSyukX6O0nkruVfwfDDlQ==", "message"=>{"content"=>"lklklklk"}, "group_id"=>"16"}
  [1m[36mUser Load (0.4ms)[0m  [1m[34mSELECT  `users`.* FROM `users` WHERE `users`.`id` = 6 ORDER BY `users`.`id` ASC LIMIT 1[0m
  [1m[36mGroup Load (0.2ms)[0m  [1m[34mSELECT  `groups`.* FROM `groups` WHERE `groups`.`id` = 16 LIMIT 1[0m
  [1m[35m (0.1ms)[0m  [1m[35mBEGIN[0m
  [1m[36mUser Load (0.2ms)[0m  [1m[34mSELECT  `users`.* FROM `users` WHERE `users`.`id` = 6 LIMIT 1[0m
  [1m[35mSQL (0.2ms)[0m  [1m[32mINSERT INTO `messages` (`content`, `group_id`, `user_id`, `created_at`, `updated_at`) VALUES ('lklklklk', 16, 6, '2019-04-21 16:58:27', '2019-04-21 16:58:27')[0m
  [1m[35m (1.0ms)[0m  [1m[35mCOMMIT[0m
  Rendering messages/create.json.jbuilder
  Rendered messages/create.json.jbuilder (0.6ms)
Completed 200 OK in 26ms (Views: 15.3ms | ActiveRecord: 2.2ms)


Started GET "/groups/16/api/messages?id=222" for ::1 at 2019-04-22 01:58:29 +0900
Processing by Api::MessagesController#index as JSON
  Parameters: {"id"=>"222", "group_id"=>"16"}
  [1m[36mUser Load (0.3ms)[0m  [1m[34mSELECT  `users`.* FROM `users` WHERE `users`.`id` = 6 ORDER BY `users`.`id` ASC LIMIT 1[0m
  [1m[36mGroup Load (0.2ms)[0m  [1m[34mSELECT  `groups`.* FROM `groups` WHERE `groups`.`id` = 16 LIMIT 1[0m
  Rendering api/messages/index.json.jbuilder
  [1m[36mMessage Load (0.3ms)[0m  [1m[34mSELECT `messages`.* FROM `messages` WHERE `messages`.`group_id` = 16 AND (id > '222')[0m
  Rendered api/messages/index.json.jbuilder (1.2ms)
Completed 200 OK in 26ms (Views: 18.5ms | ActiveRecord: 0.8ms)


Started GET "/groups/16/api/messages?id=221" for ::1 at 2019-04-22 01:58:30 +0900
Processing by Api::MessagesController#index as JSON
  Parameters: {"id"=>"221", "group_id"=>"16"}
  [1m[36mUser Load (0.3ms)[0m  [1m[34mSELECT  `users`.* FROM `users` WHERE `users`.`id` = 6 ORDER BY `users`.`id` ASC LIMIT 1[0m
  [1m[36mGroup Load (0.3ms)[0m  [1m[34mSELECT  `groups`.* FROM `groups` WHERE `groups`.`id` = 16 LIMIT 1[0m
  Rendering api/messages/index.json.jbuilder
  [1m[36mMessage Load (0.3ms)[0m  [1m[34mSELECT `messages`.* FROM `messages` WHERE `messages`.`group_id` = 16 AND (id > '221')[0m
  [1m[36mUser Load (0.2ms)[0m  [1m[34mSELECT  `users`.* FROM `users` WHERE `users`.`id` = 6 LIMIT 1[0m
  Rendered api/messages/index.json.jbuilder (2.9ms)
Completed 200 OK in 27ms (Views: 18.9ms | ActiveRecord: 1.1ms)


Started GET "/groups/16/api/messages?id=222" for ::1 at 2019-04-22 01:58:34 +0900
Processing by Api::MessagesController#index as JSON
  Parameters: {"id"=>"222", "group_id"=>"16"}
  [1m[36mUser Load (0.4ms)[0m  [1m[34mSELECT  `users`.* FROM `users` WHERE `users`.`id` = 6 ORDER BY `users`.`id` ASC LIMIT 1[0m
  [1m[36mGroup Load (0.4ms)[0m  [1m[34mSELECT  `groups`.* FROM `groups` WHERE `groups`.`id` = 16 LIMIT 1[0m
  Rendering api/messages/index.json.jbuilder
  [1m[36mMessage Load (0.3ms)[0m  [1m[34mSELECT `messages`.* FROM `messages` WHERE `messages`.`group_id` = 16 AND (id > '222')[0m
  Rendered api/messages/index.json.jbuilder (1.3ms)
Completed 200 OK in 46ms (Views: 34.7ms | ActiveRecord: 1.1ms)


Started GET "/groups/16/api/messages?id=222" for ::1 at 2019-04-22 01:58:35 +0900
Processing by Api::MessagesController#index as JSON
  Parameters: {"id"=>"222", "group_id"=>"16"}
  [1m[36mUser Load (0.3ms)[0m  [1m[34mSELECT  `users`.* FROM `users` WHERE `users`.`id` = 6 ORDER BY `users`.`id` ASC LIMIT 1[0m
  [1m[36mGroup Load (0.2ms)[0m  [1m[34mSELECT  `groups`.* FROM `groups` WHERE `groups`.`id` = 16 LIMIT 1[0m
  Rendering api/messages/index.json.jbuilder
  [1m[36mMessage Load (0.3ms)[0m  [1m[34mSELECT `messages`.* FROM `messages` WHERE `messages`.`group_id` = 16 AND (id > '222')[0m
  Rendered api/messages/index.json.jbuilder (1.1ms)
Completed 200 OK in 37ms (Views: 28.8ms | ActiveRecord: 0.8ms)


Started GET "/groups/16/api/messages?id=226" for ::1 at 2019-04-22 02:46:22 +0900
  [1m[36mActiveRecord::SchemaMigration Load (0.3ms)[0m  [1m[34mSELECT `schema_migrations`.* FROM `schema_migrations`[0m
Processing by Api::MessagesController#index as JSON
  Parameters: {"id"=>"226", "group_id"=>"16"}
  [1m[36mUser Load (0.2ms)[0m  [1m[34mSELECT  `users`.* FROM `users` WHERE `users`.`id` = 6 ORDER BY `users`.`id` ASC LIMIT 1[0m
  [1m[36mGroup Load (0.2ms)[0m  [1m[34mSELECT  `groups`.* FROM `groups` WHERE `groups`.`id` = 16 LIMIT 1[0m
  Rendering api/messages/index.json.jbuilder
  [1m[36mMessage Load (0.3ms)[0m  [1m[34mSELECT `messages`.* FROM `messages` WHERE `messages`.`group_id` = 16 AND (id > '226')[0m
  Rendered api/messages/index.json.jbuilder (5.8ms)
Completed 200 OK in 92ms (Views: 29.9ms | ActiveRecord: 7.4ms)


Started GET "/groups/16/messages" for ::1 at 2019-04-22 02:46:23 +0900
Processing by MessagesController#index as HTML
  Parameters: {"group_id"=>"16"}
  [1m[36mUser Load (0.3ms)[0m  [1m[34mSELECT  `users`.* FROM `users` WHERE `users`.`id` = 6 ORDER BY `users`.`id` ASC LIMIT 1[0m
  [1m[36mGroup Load (0.4ms)[0m  [1m[34mSELECT  `groups`.* FROM `groups` WHERE `groups`.`id` = 16 LIMIT 1[0m
  Rendering messages/index.html.haml within layouts/application
  [1m[36mGroup Load (0.3ms)[0m  [1m[34mSELECT `groups`.* FROM `groups` INNER JOIN `group_users` ON `groups`.`id` = `group_users`.`group_id` WHERE `group_users`.`user_id` = 6[0m
  [1m[36mMessage Load (0.3ms)[0m  [1m[34mSELECT  `messages`.* FROM `messages` WHERE `messages`.`group_id` = 16 ORDER BY `messages`.`id` DESC LIMIT 1[0m
  Rendered shared/_side_bar.html.haml (33.2ms)
  [1m[36mUser Load (0.3ms)[0m  [1m[34mSELECT `users`.* FROM `users` INNER JOIN `group_users` ON `users`.`id` = `group_users`.`user_id` WHERE `group_users`.`group_id` = 16[0m
  [1m[36mMessage Load (0.3ms)[0m  [1m[34mSELECT `messages`.* FROM `messages` WHERE `messages`.`group_id` = 16[0m
  [1m[36mUser Load (0.3ms)[0m  [1m[34mSELECT `users`.* FROM `users` WHERE `users`.`id` = 6[0m
  Rendered collection of messages/_message.html.haml [16 times] (5.4ms)
  Rendered messages/index.html.haml within layouts/application (83.0ms)
  Rendered layouts/_notifications.html.haml (2.2ms)
Completed 200 OK in 420ms (Views: 400.5ms | ActiveRecord: 4.5ms)


Started GET "/groups/16/api/messages?id=226" for ::1 at 2019-04-22 02:46:26 +0900
Processing by Api::MessagesController#index as JSON
  Parameters: {"id"=>"226", "group_id"=>"16"}
  [1m[36mUser Load (0.3ms)[0m  [1m[34mSELECT  `users`.* FROM `users` WHERE `users`.`id` = 6 ORDER BY `users`.`id` ASC LIMIT 1[0m
  [1m[36mGroup Load (0.3ms)[0m  [1m[34mSELECT  `groups`.* FROM `groups` WHERE `groups`.`id` = 16 LIMIT 1[0m
  Rendering api/messages/index.json.jbuilder
  [1m[36mMessage Load (0.3ms)[0m  [1m[34mSELECT `messages`.* FROM `messages` WHERE `messages`.`group_id` = 16 AND (id > '226')[0m
  Rendered api/messages/index.json.jbuilder (1.0ms)
Completed 200 OK in 24ms (Views: 16.6ms | ActiveRecord: 0.8ms)


Started GET "/groups/16/messages" for ::1 at 2019-04-22 02:46:28 +0900
Processing by MessagesController#index as HTML
  Parameters: {"group_id"=>"16"}
  [1m[36mUser Load (0.3ms)[0m  [1m[34mSELECT  `users`.* FROM `users` WHERE `users`.`id` = 6 ORDER BY `users`.`id` ASC LIMIT 1[0m
  [1m[36mGroup Load (0.2ms)[0m  [1m[34mSELECT  `groups`.* FROM `groups` WHERE `groups`.`id` = 16 LIMIT 1[0m
  Rendering messages/index.html.haml within layouts/application
  [1m[36mGroup Load (0.3ms)[0m  [1m[34mSELECT `groups`.* FROM `groups` INNER JOIN `group_users` ON `groups`.`id` = `group_users`.`group_id` WHERE `group_users`.`user_id` = 6[0m
  [1m[36mMessage Load (0.3ms)[0m  [1m[34mSELECT  `messages`.* FROM `messages` WHERE `messages`.`group_id` = 16 ORDER BY `messages`.`id` DESC LIMIT 1[0m
  Rendered shared/_side_bar.html.haml (8.1ms)
  [1m[36mUser Load (0.5ms)[0m  [1m[34mSELECT `users`.* FROM `users` INNER JOIN `group_users` ON `users`.`id` = `group_users`.`user_id` WHERE `group_users`.`group_id` = 16[0m
  [1m[36mMessage Load (0.3ms)[0m  [1m[34mSELECT `messages`.* FROM `messages` WHERE `messages`.`group_id` = 16[0m
  [1m[36mUser Load (0.3ms)[0m  [1m[34mSELECT `users`.* FROM `users` WHERE `users`.`id` = 6[0m
  Rendered collection of messages/_message.html.haml [16 times] (4.4ms)
  Rendered messages/index.html.haml within layouts/application (26.8ms)
  Rendered layouts/_notifications.html.haml (1.3ms)
Completed 200 OK in 68ms (Views: 60.8ms | ActiveRecord: 2.1ms)


Started GET "/groups/16/api/messages?id=226" for ::1 at 2019-04-22 02:46:30 +0900
Processing by Api::MessagesController#index as JSON
  Parameters: {"id"=>"226", "group_id"=>"16"}
  [1m[36mUser Load (0.4ms)[0m  [1m[34mSELECT  `users`.* FROM `users` WHERE `users`.`id` = 6 ORDER BY `users`.`id` ASC LIMIT 1[0m
  [1m[36mGroup Load (0.3ms)[0m  [1m[34mSELECT  `groups`.* FROM `groups` WHERE `groups`.`id` = 16 LIMIT 1[0m
  Rendering api/messages/index.json.jbuilder
  [1m[36mMessage Load (0.3ms)[0m  [1m[34mSELECT `messages`.* FROM `messages` WHERE `messages`.`group_id` = 16 AND (id > '226')[0m
  Rendered api/messages/index.json.jbuilder (1.2ms)
Completed 200 OK in 25ms (Views: 17.7ms | ActiveRecord: 1.0ms)


Started POST "/groups/16/messages" for ::1 at 2019-04-22 02:46:33 +0900
Processing by MessagesController#create as JSON
  Parameters: {"utf8"=>"âœ“", "authenticity_token"=>"cQSDRPa7OnARHvZms0xlO/RY/zcvt+3Q0OHlmRj8WsILGGVCnhnhrLWBOJ/cJc4HEmxOHZqfM2ZXUvVj+vhKiQ==", "message"=>{"content"=>"kkkkkkkk"}, "group_id"=>"16"}
  [1m[36mUser Load (0.3ms)[0m  [1m[34mSELECT  `users`.* FROM `users` WHERE `users`.`id` = 6 ORDER BY `users`.`id` ASC LIMIT 1[0m
  [1m[36mGroup Load (0.2ms)[0m  [1m[34mSELECT  `groups`.* FROM `groups` WHERE `groups`.`id` = 16 LIMIT 1[0m
  [1m[35m (0.1ms)[0m  [1m[35mBEGIN[0m
  [1m[36mUser Load (0.3ms)[0m  [1m[34mSELECT  `users`.* FROM `users` WHERE `users`.`id` = 6 LIMIT 1[0m
  [1m[35mSQL (0.2ms)[0m  [1m[32mINSERT INTO `messages` (`content`, `group_id`, `user_id`, `created_at`, `updated_at`) VALUES ('kkkkkkkk', 16, 6, '2019-04-21 17:46:33', '2019-04-21 17:46:33')[0m
  [1m[35m (6.3ms)[0m  [1m[35mCOMMIT[0m
  Rendering messages/create.json.jbuilder
  Rendered messages/create.json.jbuilder (0.7ms)
Completed 200 OK in 38ms (Views: 19.1ms | ActiveRecord: 7.3ms)


Started GET "/groups/16/api/messages?id=227" for ::1 at 2019-04-22 02:46:33 +0900
Processing by Api::MessagesController#index as JSON
  Parameters: {"id"=>"227", "group_id"=>"16"}
  [1m[36mUser Load (0.3ms)[0m  [1m[34mSELECT  `users`.* FROM `users` WHERE `users`.`id` = 6 ORDER BY `users`.`id` ASC LIMIT 1[0m
  [1m[36mGroup Load (0.2ms)[0m  [1m[34mSELECT  `groups`.* FROM `groups` WHERE `groups`.`id` = 16 LIMIT 1[0m
  Rendering api/messages/index.json.jbuilder
  [1m[36mMessage Load (0.3ms)[0m  [1m[34mSELECT `messages`.* FROM `messages` WHERE `messages`.`group_id` = 16 AND (id > '227')[0m
  Rendered api/messages/index.json.jbuilder (1.1ms)
Completed 200 OK in 25ms (Views: 17.3ms | ActiveRecord: 0.9ms)


Started GET "/groups/16/api/messages?id=226" for ::1 at 2019-04-22 02:46:35 +0900
Processing by Api::MessagesController#index as JSON
  Parameters: {"id"=>"226", "group_id"=>"16"}
  [1m[36mUser Load (1.0ms)[0m  [1m[34mSELECT  `users`.* FROM `users` WHERE `users`.`id` = 6 ORDER BY `users`.`id` ASC LIMIT 1[0m
  [1m[36mGroup Load (1.0ms)[0m  [1m[34mSELECT  `groups`.* FROM `groups` WHERE `groups`.`id` = 16 LIMIT 1[0m
  Rendering api/messages/index.json.jbuilder
  [1m[36mMessage Load (0.3ms)[0m  [1m[34mSELECT `messages`.* FROM `messages` WHERE `messages`.`group_id` = 16 AND (id > '226')[0m
  [1m[36mUser Load (0.3ms)[0m  [1m[34mSELECT  `users`.* FROM `users` WHERE `users`.`id` = 6 LIMIT 1[0m
  Rendered api/messages/index.json.jbuilder (2.7ms)
Completed 200 OK in 37ms (Views: 22.0ms | ActiveRecord: 2.5ms)


Started GET "/groups/16/api/messages?id=227" for ::1 at 2019-04-22 02:46:39 +0900
Processing by Api::MessagesController#index as JSON
  Parameters: {"id"=>"227", "group_id"=>"16"}
  [1m[36mUser Load (0.3ms)[0m  [1m[34mSELECT  `users`.* FROM `users` WHERE `users`.`id` = 6 ORDER BY `users`.`id` ASC LIMIT 1[0m
  [1m[36mGroup Load (0.8ms)[0m  [1m[34mSELECT  `groups`.* FROM `groups` WHERE `groups`.`id` = 16 LIMIT 1[0m
  Rendering api/messages/index.json.jbuilder
  [1m[36mMessage Load (0.3ms)[0m  [1m[34mSELECT `messages`.* FROM `messages` WHERE `messages`.`group_id` = 16 AND (id > '227')[0m
  Rendered api/messages/index.json.jbuilder (1.5ms)
Completed 200 OK in 28ms (Views: 19.0ms | ActiveRecord: 1.5ms)


Started GET "/groups/16/api/messages?id=227" for ::1 at 2019-04-22 02:46:40 +0900
Processing by Api::MessagesController#index as JSON
  Parameters: {"id"=>"227", "group_id"=>"16"}
  [1m[36mUser Load (0.3ms)[0m  [1m[34mSELECT  `users`.* FROM `users` WHERE `users`.`id` = 6 ORDER BY `users`.`id` ASC LIMIT 1[0m
  [1m[36mGroup Load (0.2ms)[0m  [1m[34mSELECT  `groups`.* FROM `groups` WHERE `groups`.`id` = 16 LIMIT 1[0m
  Rendering api/messages/index.json.jbuilder
  [1m[36mMessage Load (0.3ms)[0m  [1m[34mSELECT `messages`.* FROM `messages` WHERE `messages`.`group_id` = 16 AND (id > '227')[0m
  Rendered api/messages/index.json.jbuilder (1.2ms)
Completed 200 OK in 32ms (Views: 23.5ms | ActiveRecord: 0.9ms)


Started GET "/groups/16/api/messages?id=227" for ::1 at 2019-04-22 11:55:06 +0900
  [1m[36mActiveRecord::SchemaMigration Load (0.5ms)[0m  [1m[34mSELECT `schema_migrations`.* FROM `schema_migrations`[0m
Processing by Api::MessagesController#index as JSON
  Parameters: {"id"=>"227", "group_id"=>"16"}
  [1m[36mUser Load (0.4ms)[0m  [1m[34mSELECT  `users`.* FROM `users` WHERE `users`.`id` = 6 ORDER BY `users`.`id` ASC LIMIT 1[0m
  [1m[36mGroup Load (0.3ms)[0m  [1m[34mSELECT  `groups`.* FROM `groups` WHERE `groups`.`id` = 16 LIMIT 1[0m
  Rendering api/messages/index.json.jbuilder
  [1m[36mMessage Load (0.6ms)[0m  [1m[34mSELECT `messages`.* FROM `messages` WHERE `messages`.`group_id` = 16 AND (id > '227')[0m
  Rendered api/messages/index.json.jbuilder (4.9ms)
Completed 200 OK in 108ms (Views: 24.3ms | ActiveRecord: 16.5ms)


Started GET "/groups/16/api/messages?id=227" for ::1 at 2019-04-22 11:55:08 +0900
Processing by Api::MessagesController#index as JSON
  Parameters: {"id"=>"227", "group_id"=>"16"}
  [1m[36mUser Load (0.3ms)[0m  [1m[34mSELECT  `users`.* FROM `users` WHERE `users`.`id` = 6 ORDER BY `users`.`id` ASC LIMIT 1[0m
  [1m[36mGroup Load (0.3ms)[0m  [1m[34mSELECT  `groups`.* FROM `groups` WHERE `groups`.`id` = 16 LIMIT 1[0m
  Rendering api/messages/index.json.jbuilder
  [1m[36mMessage Load (0.3ms)[0m  [1m[34mSELECT `messages`.* FROM `messages` WHERE `messages`.`group_id` = 16 AND (id > '227')[0m
  Rendered api/messages/index.json.jbuilder (1.1ms)
Completed 200 OK in 23ms (Views: 16.0ms | ActiveRecord: 0.9ms)


Started GET "/groups/16/api/messages?id=227" for ::1 at 2019-04-22 11:55:09 +0900
Processing by Api::MessagesController#index as JSON
  Parameters: {"id"=>"227", "group_id"=>"16"}
  [1m[36mUser Load (0.5ms)[0m  [1m[34mSELECT  `users`.* FROM `users` WHERE `users`.`id` = 6 ORDER BY `users`.`id` ASC LIMIT 1[0m
  [1m[36mGroup Load (0.3ms)[0m  [1m[34mSELECT  `groups`.* FROM `groups` WHERE `groups`.`id` = 16 LIMIT 1[0m
  Rendering api/messages/index.json.jbuilder
  [1m[36mMessage Load (0.3ms)[0m  [1m[34mSELECT `messages`.* FROM `messages` WHERE `messages`.`group_id` = 16 AND (id > '227')[0m
  Rendered api/messages/index.json.jbuilder (1.2ms)
Completed 200 OK in 26ms (Views: 18.9ms | ActiveRecord: 1.2ms)


Started GET "/groups/16/api/messages?id=227" for ::1 at 2019-04-22 11:55:13 +0900
Processing by Api::MessagesController#index as JSON
  Parameters: {"id"=>"227", "group_id"=>"16"}
  [1m[36mUser Load (0.4ms)[0m  [1m[34mSELECT  `users`.* FROM `users` WHERE `users`.`id` = 6 ORDER BY `users`.`id` ASC LIMIT 1[0m
  [1m[36mGroup Load (0.3ms)[0m  [1m[34mSELECT  `groups`.* FROM `groups` WHERE `groups`.`id` = 16 LIMIT 1[0m
  Rendering api/messages/index.json.jbuilder
  [1m[36mMessage Load (1.2ms)[0m  [1m[34mSELECT `messages`.* FROM `messages` WHERE `messages`.`group_id` = 16 AND (id > '227')[0m
  Rendered api/messages/index.json.jbuilder (4.3ms)
Completed 200 OK in 36ms (Views: 25.1ms | ActiveRecord: 1.9ms)


Started GET "/groups/16/api/messages?id=227" for ::1 at 2019-04-22 11:55:14 +0900
Processing by Api::MessagesController#index as JSON
  Parameters: {"id"=>"227", "group_id"=>"16"}
  [1m[36mUser Load (1.4ms)[0m  [1m[34mSELECT  `users`.* FROM `users` WHERE `users`.`id` = 6 ORDER BY `users`.`id` ASC LIMIT 1[0m
  [1m[36mGroup Load (7.2ms)[0m  [1m[34mSELECT  `groups`.* FROM `groups` WHERE `groups`.`id` = 16 LIMIT 1[0m
  Rendering api/messages/index.json.jbuilder
  [1m[36mMessage Load (0.4ms)[0m  [1m[34mSELECT `messages`.* FROM `messages` WHERE `messages`.`group_id` = 16 AND (id > '227')[0m
  Rendered api/messages/index.json.jbuilder (2.2ms)
Completed 200 OK in 45ms (Views: 24.5ms | ActiveRecord: 9.1ms)


Started GET "/groups/16/api/messages?id=227" for ::1 at 2019-04-22 11:55:18 +0900
Processing by Api::MessagesController#index as JSON
  Parameters: {"id"=>"227", "group_id"=>"16"}
  [1m[36mUser Load (0.3ms)[0m  [1m[34mSELECT  `users`.* FROM `users` WHERE `users`.`id` = 6 ORDER BY `users`.`id` ASC LIMIT 1[0m
  [1m[36mGroup Load (0.2ms)[0m  [1m[34mSELECT  `groups`.* FROM `groups` WHERE `groups`.`id` = 16 LIMIT 1[0m
  Rendering api/messages/index.json.jbuilder
  [1m[36mMessage Load (0.3ms)[0m  [1m[34mSELECT `messages`.* FROM `messages` WHERE `messages`.`group_id` = 16 AND (id > '227')[0m
  Rendered api/messages/index.json.jbuilder (1.1ms)
Completed 200 OK in 23ms (Views: 16.5ms | ActiveRecord: 0.9ms)


Started GET "/groups/16/api/messages?id=227" for ::1 at 2019-04-22 11:55:19 +0900
Processing by Api::MessagesController#index as JSON
  Parameters: {"id"=>"227", "group_id"=>"16"}
  [1m[36mUser Load (0.3ms)[0m  [1m[34mSELECT  `users`.* FROM `users` WHERE `users`.`id` = 6 ORDER BY `users`.`id` ASC LIMIT 1[0m
  [1m[36mGroup Load (0.2ms)[0m  [1m[34mSELECT  `groups`.* FROM `groups` WHERE `groups`.`id` = 16 LIMIT 1[0m
  Rendering api/messages/index.json.jbuilder
  [1m[36mMessage Load (0.3ms)[0m  [1m[34mSELECT `messages`.* FROM `messages` WHERE `messages`.`group_id` = 16 AND (id > '227')[0m
  Rendered api/messages/index.json.jbuilder (1.1ms)
Completed 200 OK in 22ms (Views: 16.1ms | ActiveRecord: 0.7ms)


Started GET "/groups/16/messages" for ::1 at 2019-04-22 11:55:22 +0900
Processing by MessagesController#index as HTML
  Parameters: {"group_id"=>"16"}
  [1m[36mUser Load (0.3ms)[0m  [1m[34mSELECT  `users`.* FROM `users` WHERE `users`.`id` = 6 ORDER BY `users`.`id` ASC LIMIT 1[0m
  [1m[36mGroup Load (0.3ms)[0m  [1m[34mSELECT  `groups`.* FROM `groups` WHERE `groups`.`id` = 16 LIMIT 1[0m
  Rendering messages/index.html.haml within layouts/application
  [1m[36mGroup Load (0.6ms)[0m  [1m[34mSELECT `groups`.* FROM `groups` INNER JOIN `group_users` ON `groups`.`id` = `group_users`.`group_id` WHERE `group_users`.`user_id` = 6[0m
  [1m[36mMessage Load (0.3ms)[0m  [1m[34mSELECT  `messages`.* FROM `messages` WHERE `messages`.`group_id` = 16 ORDER BY `messages`.`id` DESC LIMIT 1[0m
  Rendered shared/_side_bar.html.haml (32.2ms)
  [1m[36mUser Load (0.4ms)[0m  [1m[34mSELECT `users`.* FROM `users` INNER JOIN `group_users` ON `users`.`id` = `group_users`.`user_id` WHERE `group_users`.`group_id` = 16[0m
  [1m[36mMessage Load (0.3ms)[0m  [1m[34mSELECT `messages`.* FROM `messages` WHERE `messages`.`group_id` = 16[0m
  [1m[36mUser Load (0.4ms)[0m  [1m[34mSELECT `users`.* FROM `users` WHERE `users`.`id` = 6[0m
  Rendered collection of messages/_message.html.haml [17 times] (6.4ms)
  Rendered messages/index.html.haml within layouts/application (91.6ms)
  Rendered layouts/_notifications.html.haml (2.5ms)
Completed 200 OK in 415ms (Views: 400.1ms | ActiveRecord: 4.7ms)


Started GET "/groups/16/api/messages?id=227" for ::1 at 2019-04-22 11:55:24 +0900
Processing by Api::MessagesController#index as JSON
  Parameters: {"id"=>"227", "group_id"=>"16"}
  [1m[36mUser Load (1.2ms)[0m  [1m[34mSELECT  `users`.* FROM `users` WHERE `users`.`id` = 6 ORDER BY `users`.`id` ASC LIMIT 1[0m
  [1m[36mGroup Load (0.6ms)[0m  [1m[34mSELECT  `groups`.* FROM `groups` WHERE `groups`.`id` = 16 LIMIT 1[0m
  Rendering api/messages/index.json.jbuilder
  [1m[36mMessage Load (0.3ms)[0m  [1m[34mSELECT `messages`.* FROM `messages` WHERE `messages`.`group_id` = 16 AND (id > '227')[0m
  Rendered api/messages/index.json.jbuilder (1.1ms)
Completed 200 OK in 36ms (Views: 23.7ms | ActiveRecord: 2.0ms)


Started GET "/groups/16/messages" for ::1 at 2019-04-22 11:55:25 +0900
Processing by MessagesController#index as HTML
  Parameters: {"group_id"=>"16"}
  [1m[36mUser Load (0.3ms)[0m  [1m[34mSELECT  `users`.* FROM `users` WHERE `users`.`id` = 6 ORDER BY `users`.`id` ASC LIMIT 1[0m
  [1m[36mGroup Load (0.4ms)[0m  [1m[34mSELECT  `groups`.* FROM `groups` WHERE `groups`.`id` = 16 LIMIT 1[0m
  Rendering messages/index.html.haml within layouts/application
  [1m[36mGroup Load (0.4ms)[0m  [1m[34mSELECT `groups`.* FROM `groups` INNER JOIN `group_users` ON `groups`.`id` = `group_users`.`group_id` WHERE `group_users`.`user_id` = 6[0m
  [1m[36mMessage Load (0.2ms)[0m  [1m[34mSELECT  `messages`.* FROM `messages` WHERE `messages`.`group_id` = 16 ORDER BY `messages`.`id` DESC LIMIT 1[0m
  Rendered shared/_side_bar.html.haml (6.0ms)
  [1m[36mUser Load (0.3ms)[0m  [1m[34mSELECT `users`.* FROM `users` INNER JOIN `group_users` ON `users`.`id` = `group_users`.`user_id` WHERE `group_users`.`group_id` = 16[0m
  [1m[36mMessage Load (0.2ms)[0m  [1m[34mSELECT `messages`.* FROM `messages` WHERE `messages`.`group_id` = 16[0m
  [1m[36mUser Load (0.3ms)[0m  [1m[34mSELECT `users`.* FROM `users` WHERE `users`.`id` = 6[0m
  Rendered collection of messages/_message.html.haml [17 times] (5.8ms)
  Rendered messages/index.html.haml within layouts/application (27.2ms)
  Rendered layouts/_notifications.html.haml (1.3ms)
Completed 200 OK in 70ms (Views: 58.5ms | ActiveRecord: 2.1ms)


Started GET "/groups/16/api/messages?id=227" for ::1 at 2019-04-22 11:55:28 +0900
Processing by Api::MessagesController#index as JSON
  Parameters: {"id"=>"227", "group_id"=>"16"}
  [1m[36mUser Load (0.3ms)[0m  [1m[34mSELECT  `users`.* FROM `users` WHERE `users`.`id` = 6 ORDER BY `users`.`id` ASC LIMIT 1[0m
  [1m[36mGroup Load (0.3ms)[0m  [1m[34mSELECT  `groups`.* FROM `groups` WHERE `groups`.`id` = 16 LIMIT 1[0m
  Rendering api/messages/index.json.jbuilder
  [1m[36mMessage Load (0.3ms)[0m  [1m[34mSELECT `messages`.* FROM `messages` WHERE `messages`.`group_id` = 16 AND (id > '227')[0m
  Rendered api/messages/index.json.jbuilder (1.4ms)
Completed 200 OK in 24ms (Views: 17.3ms | ActiveRecord: 0.9ms)


Started POST "/groups/16/messages" for ::1 at 2019-04-22 11:55:29 +0900
Processing by MessagesController#create as JSON
  Parameters: {"utf8"=>"âœ“", "authenticity_token"=>"+qaX5RK1gT6GF5CwFV3ALEXrvuHig89IiVBRgiwpecKAunHjehda4iKIXkl6NGsQo98Py1erEf4O40F4zi1piQ==", "message"=>{"content"=>"ãŠãŠãŠ"}, "group_id"=>"16"}
  [1m[36mUser Load (0.3ms)[0m  [1m[34mSELECT  `users`.* FROM `users` WHERE `users`.`id` = 6 ORDER BY `users`.`id` ASC LIMIT 1[0m
  [1m[36mGroup Load (0.2ms)[0m  [1m[34mSELECT  `groups`.* FROM `groups` WHERE `groups`.`id` = 16 LIMIT 1[0m
  [1m[35m (0.1ms)[0m  [1m[35mBEGIN[0m
  [1m[36mUser Load (0.3ms)[0m  [1m[34mSELECT  `users`.* FROM `users` WHERE `users`.`id` = 6 LIMIT 1[0m
  [1m[35mSQL (0.3ms)[0m  [1m[32mINSERT INTO `messages` (`content`, `group_id`, `user_id`, `created_at`, `updated_at`) VALUES ('ãŠãŠãŠ', 16, 6, '2019-04-22 02:55:29', '2019-04-22 02:55:29')[0m
  [1m[35m (6.8ms)[0m  [1m[35mCOMMIT[0m
  Rendering messages/create.json.jbuilder
  Rendered messages/create.json.jbuilder (0.7ms)
Completed 200 OK in 39ms (Views: 18.9ms | ActiveRecord: 8.0ms)


Started GET "/groups/16/api/messages?id=228" for ::1 at 2019-04-22 11:55:30 +0900
Processing by Api::MessagesController#index as JSON
  Parameters: {"id"=>"228", "group_id"=>"16"}
  [1m[36mUser Load (0.4ms)[0m  [1m[34mSELECT  `users`.* FROM `users` WHERE `users`.`id` = 6 ORDER BY `users`.`id` ASC LIMIT 1[0m
  [1m[36mGroup Load (0.2ms)[0m  [1m[34mSELECT  `groups`.* FROM `groups` WHERE `groups`.`id` = 16 LIMIT 1[0m
  Rendering api/messages/index.json.jbuilder
  [1m[36mMessage Load (0.3ms)[0m  [1m[34mSELECT `messages`.* FROM `messages` WHERE `messages`.`group_id` = 16 AND (id > '228')[0m
  Rendered api/messages/index.json.jbuilder (1.1ms)
Completed 200 OK in 26ms (Views: 17.8ms | ActiveRecord: 0.9ms)


Started GET "/groups/16/api/messages?id=227" for ::1 at 2019-04-22 11:55:33 +0900
Processing by Api::MessagesController#index as JSON
  Parameters: {"id"=>"227", "group_id"=>"16"}
  [1m[36mUser Load (0.3ms)[0m  [1m[34mSELECT  `users`.* FROM `users` WHERE `users`.`id` = 6 ORDER BY `users`.`id` ASC LIMIT 1[0m
  [1m[36mGroup Load (0.2ms)[0m  [1m[34mSELECT  `groups`.* FROM `groups` WHERE `groups`.`id` = 16 LIMIT 1[0m
  Rendering api/messages/index.json.jbuilder
  [1m[36mMessage Load (0.5ms)[0m  [1m[34mSELECT `messages`.* FROM `messages` WHERE `messages`.`group_id` = 16 AND (id > '227')[0m
  [1m[36mUser Load (0.2ms)[0m  [1m[34mSELECT  `users`.* FROM `users` WHERE `users`.`id` = 6 LIMIT 1[0m
  Rendered api/messages/index.json.jbuilder (2.9ms)
Completed 200 OK in 28ms (Views: 19.4ms | ActiveRecord: 1.3ms)


Started GET "/groups/16/api/messages?id=228" for ::1 at 2019-04-22 11:55:35 +0900
Processing by Api::MessagesController#index as JSON
  Parameters: {"id"=>"228", "group_id"=>"16"}
  [1m[36mUser Load (1.3ms)[0m  [1m[34mSELECT  `users`.* FROM `users` WHERE `users`.`id` = 6 ORDER BY `users`.`id` ASC LIMIT 1[0m
  [1m[36mGroup Load (0.2ms)[0m  [1m[34mSELECT  `groups`.* FROM `groups` WHERE `groups`.`id` = 16 LIMIT 1[0m
  Rendering api/messages/index.json.jbuilder
  [1m[36mMessage Load (0.3ms)[0m  [1m[34mSELECT `messages`.* FROM `messages` WHERE `messages`.`group_id` = 16 AND (id > '228')[0m
  Rendered api/messages/index.json.jbuilder (1.1ms)
Completed 200 OK in 36ms (Views: 24.7ms | ActiveRecord: 1.8ms)


Started GET "/groups/16/api/messages?id=232" for ::1 at 2019-04-22 17:06:05 +0900
  [1m[36mActiveRecord::SchemaMigration Load (0.5ms)[0m  [1m[34mSELECT `schema_migrations`.* FROM `schema_migrations`[0m
Processing by Api::MessagesController#index as JSON
  Parameters: {"id"=>"232", "group_id"=>"16"}
  [1m[36mUser Load (0.3ms)[0m  [1m[34mSELECT  `users`.* FROM `users` WHERE `users`.`id` = 6 ORDER BY `users`.`id` ASC LIMIT 1[0m
  [1m[36mGroup Load (0.3ms)[0m  [1m[34mSELECT  `groups`.* FROM `groups` WHERE `groups`.`id` = 16 LIMIT 1[0m
  Rendering api/messages/index.json.jbuilder
  [1m[36mMessage Load (1.0ms)[0m  [1m[34mSELECT `messages`.* FROM `messages` WHERE `messages`.`group_id` = 16 AND (id > '232')[0m
  Rendered api/messages/index.json.jbuilder (5.8ms)
Completed 200 OK in 108ms (Views: 20.8ms | ActiveRecord: 15.6ms)


Started GET "/groups/16/api/messages?id=232" for ::1 at 2019-04-22 17:06:09 +0900
Processing by Api::MessagesController#index as JSON
  Parameters: {"id"=>"232", "group_id"=>"16"}
  [1m[36mUser Load (0.4ms)[0m  [1m[34mSELECT  `users`.* FROM `users` WHERE `users`.`id` = 6 ORDER BY `users`.`id` ASC LIMIT 1[0m
  [1m[36mGroup Load (0.2ms)[0m  [1m[34mSELECT  `groups`.* FROM `groups` WHERE `groups`.`id` = 16 LIMIT 1[0m
  Rendering api/messages/index.json.jbuilder
  [1m[36mMessage Load (0.3ms)[0m  [1m[34mSELECT `messages`.* FROM `messages` WHERE `messages`.`group_id` = 16 AND (id > '232')[0m
  Rendered api/messages/index.json.jbuilder (1.4ms)
Completed 200 OK in 20ms (Views: 13.4ms | ActiveRecord: 0.9ms)


Started GET "/users/6/edit" for ::1 at 2019-04-22 17:06:09 +0900
Processing by UsersController#edit as HTML
  Parameters: {"id"=>"6"}
  [1m[36mUser Load (0.3ms)[0m  [1m[34mSELECT  `users`.* FROM `users` WHERE `users`.`id` = 6 ORDER BY `users`.`id` ASC LIMIT 1[0m
  Rendering users/edit.html.haml within layouts/application
  Rendered users/edit.html.haml within layouts/application (45.9ms)
  Rendered layouts/_notifications.html.haml (3.6ms)
Completed 200 OK in 380ms (Views: 375.0ms | ActiveRecord: 0.3ms)


Started GET "/groups/16/api/messages?id=232" for ::1 at 2019-04-22 17:06:14 +0900
Processing by Api::MessagesController#index as JSON
  Parameters: {"id"=>"232", "group_id"=>"16"}
  [1m[36mUser Load (0.5ms)[0m  [1m[34mSELECT  `users`.* FROM `users` WHERE `users`.`id` = 6 ORDER BY `users`.`id` ASC LIMIT 1[0m
  [1m[36mGroup Load (0.7ms)[0m  [1m[34mSELECT  `groups`.* FROM `groups` WHERE `groups`.`id` = 16 LIMIT 1[0m
  Rendering api/messages/index.json.jbuilder
  [1m[36mMessage Load (1.1ms)[0m  [1m[34mSELECT `messages`.* FROM `messages` WHERE `messages`.`group_id` = 16 AND (id > '232')[0m
  Rendered api/messages/index.json.jbuilder (2.3ms)
Completed 200 OK in 24ms (Views: 16.6ms | ActiveRecord: 2.3ms)


Started DELETE "/users/sign_out" for ::1 at 2019-04-22 17:06:14 +0900
Processing by Devise::SessionsController#destroy as HTML
  Parameters: {"authenticity_token"=>"sIpSCuM1jelbW2RAc3S2l3ooS00ARzthTHa8OI1h3lvKlrQMi5dWNf/EqrkcHR2rnBz6Z7Vv5dfLxazCb2XOEA=="}
  [1m[36mUser Load (0.3ms)[0m  [1m[34mSELECT  `users`.* FROM `users` WHERE `users`.`id` = 6 ORDER BY `users`.`id` ASC LIMIT 1[0m
  [1m[35m (0.2ms)[0m  [1m[35mBEGIN[0m
  [1m[35m (0.2ms)[0m  [1m[35mCOMMIT[0m
Redirected to http://localhost:3000/
Completed 302 Found in 10ms (ActiveRecord: 0.6ms)


Started GET "/" for ::1 at 2019-04-22 17:06:14 +0900
Processing by GroupsController#index as HTML
Completed 401 Unauthorized in 4ms (ActiveRecord: 0.0ms)


Started GET "/users/sign_in" for ::1 at 2019-04-22 17:06:14 +0900
Processing by Devise::SessionsController#new as HTML
  Rendering devise/sessions/new.html.haml within layouts/application
  Rendered devise/shared/_links.html.haml (1.8ms)
  Rendered devise/sessions/new.html.haml within layouts/application (9.8ms)
  Rendered layouts/_notifications.html.haml (1.4ms)
Completed 200 OK in 40ms (Views: 38.7ms | ActiveRecord: 0.0ms)


Started GET "/groups/undefined/api/messages" for ::1 at 2019-04-22 17:06:19 +0900
Processing by Api::MessagesController#index as JSON
  Parameters: {"group_id"=>"undefined"}
Completed 401 Unauthorized in 1ms (ActiveRecord: 0.0ms)


Started GET "/groups/16/api/messages?id=232" for ::1 at 2019-04-22 17:06:19 +0900
Processing by Api::MessagesController#index as JSON
  Parameters: {"id"=>"232", "group_id"=>"16"}
Completed 401 Unauthorized in 1ms (ActiveRecord: 0.0ms)


Started GET "/groups/16/api/messages?id=232" for ::1 at 2019-04-22 17:06:24 +0900
Processing by Api::MessagesController#index as JSON
  Parameters: {"id"=>"232", "group_id"=>"16"}
Completed 401 Unauthorized in 1ms (ActiveRecord: 0.0ms)


Started GET "/groups/undefined/api/messages" for ::1 at 2019-04-22 17:06:24 +0900
Processing by Api::MessagesController#index as JSON
  Parameters: {"group_id"=>"undefined"}
Completed 401 Unauthorized in 1ms (ActiveRecord: 0.0ms)


Started GET "/groups/undefined/api/messages" for ::1 at 2019-04-22 17:06:29 +0900
Processing by Api::MessagesController#index as JSON
  Parameters: {"group_id"=>"undefined"}
Completed 401 Unauthorized in 1ms (ActiveRecord: 0.0ms)


Started GET "/groups/16/api/messages?id=232" for ::1 at 2019-04-22 17:06:29 +0900
Processing by Api::MessagesController#index as JSON
  Parameters: {"id"=>"232", "group_id"=>"16"}
Completed 401 Unauthorized in 1ms (ActiveRecord: 0.0ms)


Started GET "/groups/undefined/api/messages" for ::1 at 2019-04-22 17:06:34 +0900
Processing by Api::MessagesController#index as JSON
  Parameters: {"group_id"=>"undefined"}
Completed 401 Unauthorized in 1ms (ActiveRecord: 0.0ms)


Started GET "/groups/16/api/messages?id=232" for ::1 at 2019-04-22 17:06:34 +0900
Processing by Api::MessagesController#index as JSON
  Parameters: {"id"=>"232", "group_id"=>"16"}
Completed 401 Unauthorized in 1ms (ActiveRecord: 0.0ms)


Started GET "/groups/undefined/api/messages" for ::1 at 2019-04-22 17:06:39 +0900
Processing by Api::MessagesController#index as JSON
  Parameters: {"group_id"=>"undefined"}
Completed 401 Unauthorized in 1ms (ActiveRecord: 0.0ms)


Started GET "/groups/16/api/messages?id=232" for ::1 at 2019-04-22 17:06:39 +0900
Processing by Api::MessagesController#index as JSON
  Parameters: {"id"=>"232", "group_id"=>"16"}
Completed 401 Unauthorized in 1ms (ActiveRecord: 0.0ms)


Started GET "/groups/undefined/api/messages" for ::1 at 2019-04-22 17:06:44 +0900
Processing by Api::MessagesController#index as JSON
  Parameters: {"group_id"=>"undefined"}
Completed 401 Unauthorized in 1ms (ActiveRecord: 0.0ms)


Started GET "/groups/16/api/messages?id=232" for ::1 at 2019-04-22 17:06:44 +0900
Processing by Api::MessagesController#index as JSON
  Parameters: {"id"=>"232", "group_id"=>"16"}
Completed 401 Unauthorized in 1ms (ActiveRecord: 0.0ms)


Started GET "/groups/undefined/api/messages" for ::1 at 2019-04-22 17:06:49 +0900
Processing by Api::MessagesController#index as JSON
  Parameters: {"group_id"=>"undefined"}
Completed 401 Unauthorized in 1ms (ActiveRecord: 0.0ms)


Started GET "/groups/16/api/messages?id=232" for ::1 at 2019-04-22 17:06:49 +0900
Processing by Api::MessagesController#index as JSON
  Parameters: {"id"=>"232", "group_id"=>"16"}
Completed 401 Unauthorized in 1ms (ActiveRecord: 0.0ms)


Started GET "/groups/undefined/api/messages" for ::1 at 2019-04-22 17:06:54 +0900
Processing by Api::MessagesController#index as JSON
  Parameters: {"group_id"=>"undefined"}
Completed 401 Unauthorized in 1ms (ActiveRecord: 0.0ms)


Started GET "/groups/16/api/messages?id=232" for ::1 at 2019-04-22 17:06:54 +0900
Processing by Api::MessagesController#index as JSON
  Parameters: {"id"=>"232", "group_id"=>"16"}
Completed 401 Unauthorized in 1ms (ActiveRecord: 0.0ms)


Started GET "/groups/undefined/api/messages" for ::1 at 2019-04-22 17:06:59 +0900
Processing by Api::MessagesController#index as JSON
  Parameters: {"group_id"=>"undefined"}
Completed 401 Unauthorized in 1ms (ActiveRecord: 0.0ms)


Started GET "/groups/16/api/messages?id=232" for ::1 at 2019-04-22 17:06:59 +0900
Processing by Api::MessagesController#index as JSON
  Parameters: {"id"=>"232", "group_id"=>"16"}
Completed 401 Unauthorized in 1ms (ActiveRecord: 0.0ms)


Started GET "/groups/undefined/api/messages" for ::1 at 2019-04-22 17:07:04 +0900
Processing by Api::MessagesController#index as JSON
  Parameters: {"group_id"=>"undefined"}
Completed 401 Unauthorized in 1ms (ActiveRecord: 0.0ms)


Started GET "/groups/16/api/messages?id=232" for ::1 at 2019-04-22 17:07:04 +0900
Processing by Api::MessagesController#index as JSON
  Parameters: {"id"=>"232", "group_id"=>"16"}
Completed 401 Unauthorized in 1ms (ActiveRecord: 0.0ms)


Started GET "/groups/undefined/api/messages" for ::1 at 2019-04-22 17:07:09 +0900
Processing by Api::MessagesController#index as JSON
  Parameters: {"group_id"=>"undefined"}
Completed 401 Unauthorized in 1ms (ActiveRecord: 0.0ms)


Started GET "/groups/16/api/messages?id=232" for ::1 at 2019-04-22 17:07:09 +0900
Processing by Api::MessagesController#index as JSON
  Parameters: {"id"=>"232", "group_id"=>"16"}
Completed 401 Unauthorized in 1ms (ActiveRecord: 0.0ms)


Started GET "/groups/undefined/api/messages" for ::1 at 2019-04-22 17:07:14 +0900
Processing by Api::MessagesController#index as JSON
  Parameters: {"group_id"=>"undefined"}
Completed 401 Unauthorized in 1ms (ActiveRecord: 0.0ms)


Started GET "/groups/16/api/messages?id=232" for ::1 at 2019-04-22 17:07:14 +0900
Processing by Api::MessagesController#index as JSON
  Parameters: {"id"=>"232", "group_id"=>"16"}
Completed 401 Unauthorized in 1ms (ActiveRecord: 0.0ms)


Started GET "/groups/undefined/api/messages" for ::1 at 2019-04-22 17:07:19 +0900
Processing by Api::MessagesController#index as JSON
  Parameters: {"group_id"=>"undefined"}
Completed 401 Unauthorized in 1ms (ActiveRecord: 0.0ms)


Started GET "/groups/16/api/messages?id=232" for ::1 at 2019-04-22 17:07:19 +0900
Processing by Api::MessagesController#index as JSON
  Parameters: {"id"=>"232", "group_id"=>"16"}
Completed 401 Unauthorized in 1ms (ActiveRecord: 0.0ms)


Started GET "/groups/16/api/messages?id=232" for ::1 at 2019-04-22 17:07:23 +0900
Processing by Api::MessagesController#index as JSON
  Parameters: {"id"=>"232", "group_id"=>"16"}
Completed 401 Unauthorized in 1ms (ActiveRecord: 0.0ms)


Started GET "/groups/undefined/api/messages" for ::1 at 2019-04-22 17:07:24 +0900
Processing by Api::MessagesController#index as JSON
  Parameters: {"group_id"=>"undefined"}
Completed 401 Unauthorized in 1ms (ActiveRecord: 0.0ms)


Started GET "/groups/undefined/api/messages" for ::1 at 2019-04-22 17:07:30 +0900
Processing by Api::MessagesController#index as JSON
  Parameters: {"group_id"=>"undefined"}
Completed 401 Unauthorized in 1ms (ActiveRecord: 0.0ms)


Started GET "/groups/16/api/messages?id=232" for ::1 at 2019-04-22 17:07:30 +0900
Processing by Api::MessagesController#index as JSON
  Parameters: {"id"=>"232", "group_id"=>"16"}
Completed 401 Unauthorized in 1ms (ActiveRecord: 0.0ms)


Started GET "/groups/16/api/messages?id=232" for ::1 at 2019-04-22 17:07:34 +0900
Processing by Api::MessagesController#index as JSON
  Parameters: {"id"=>"232", "group_id"=>"16"}
Completed 401 Unauthorized in 1ms (ActiveRecord: 0.0ms)


Started GET "/groups/undefined/api/messages" for ::1 at 2019-04-22 17:07:34 +0900
Processing by Api::MessagesController#index as JSON
  Parameters: {"group_id"=>"undefined"}
Completed 401 Unauthorized in 1ms (ActiveRecord: 0.0ms)


Started GET "/groups/16/api/messages?id=232" for ::1 at 2019-04-22 17:07:39 +0900
Processing by Api::MessagesController#index as JSON
  Parameters: {"id"=>"232", "group_id"=>"16"}
Completed 401 Unauthorized in 1ms (ActiveRecord: 0.0ms)


Started GET "/groups/undefined/api/messages" for ::1 at 2019-04-22 17:07:41 +0900
Processing by Api::MessagesController#index as JSON
  Parameters: {"group_id"=>"undefined"}
Completed 401 Unauthorized in 1ms (ActiveRecord: 0.0ms)


Started GET "/groups/16/api/messages?id=232" for ::1 at 2019-04-22 17:07:44 +0900
Processing by Api::MessagesController#index as JSON
  Parameters: {"id"=>"232", "group_id"=>"16"}
Completed 401 Unauthorized in 1ms (ActiveRecord: 0.0ms)


Started GET "/groups/undefined/api/messages" for ::1 at 2019-04-22 17:07:45 +0900
Processing by Api::MessagesController#index as JSON
  Parameters: {"group_id"=>"undefined"}
Completed 401 Unauthorized in 1ms (ActiveRecord: 0.0ms)


Started GET "/groups/16/api/messages?id=232" for ::1 at 2019-04-22 17:07:49 +0900
Processing by Api::MessagesController#index as JSON
  Parameters: {"id"=>"232", "group_id"=>"16"}
Completed 401 Unauthorized in 1ms (ActiveRecord: 0.0ms)


Started GET "/groups/undefined/api/messages" for ::1 at 2019-04-22 17:07:50 +0900
Processing by Api::MessagesController#index as JSON
  Parameters: {"group_id"=>"undefined"}
Completed 401 Unauthorized in 1ms (ActiveRecord: 0.0ms)


Started GET "/groups/16/api/messages?id=232" for ::1 at 2019-04-22 17:07:54 +0900
Processing by Api::MessagesController#index as JSON
  Parameters: {"id"=>"232", "group_id"=>"16"}
Completed 401 Unauthorized in 1ms (ActiveRecord: 0.0ms)


Started GET "/groups/undefined/api/messages" for ::1 at 2019-04-22 17:07:55 +0900
Processing by Api::MessagesController#index as JSON
  Parameters: {"group_id"=>"undefined"}
Completed 401 Unauthorized in 1ms (ActiveRecord: 0.0ms)


Started GET "/groups/16/api/messages?id=232" for ::1 at 2019-04-22 17:07:59 +0900
Processing by Api::MessagesController#index as JSON
  Parameters: {"id"=>"232", "group_id"=>"16"}
Completed 401 Unauthorized in 1ms (ActiveRecord: 0.0ms)


Started GET "/groups/undefined/api/messages" for ::1 at 2019-04-22 17:08:00 +0900
Processing by Api::MessagesController#index as JSON
  Parameters: {"group_id"=>"undefined"}
Completed 401 Unauthorized in 1ms (ActiveRecord: 0.0ms)


Started GET "/groups/16/api/messages?id=232" for ::1 at 2019-04-22 17:08:04 +0900
Processing by Api::MessagesController#index as JSON
  Parameters: {"id"=>"232", "group_id"=>"16"}
Completed 401 Unauthorized in 1ms (ActiveRecord: 0.0ms)


Started GET "/groups/undefined/api/messages" for ::1 at 2019-04-22 17:08:05 +0900
Processing by Api::MessagesController#index as JSON
  Parameters: {"group_id"=>"undefined"}
Completed 401 Unauthorized in 1ms (ActiveRecord: 0.0ms)


Started GET "/groups/16/api/messages?id=232" for ::1 at 2019-04-22 17:08:09 +0900
Processing by Api::MessagesController#index as JSON
  Parameters: {"id"=>"232", "group_id"=>"16"}
Completed 401 Unauthorized in 1ms (ActiveRecord: 0.0ms)


Started GET "/groups/undefined/api/messages" for ::1 at 2019-04-22 17:08:11 +0900
Processing by Api::MessagesController#index as JSON
  Parameters: {"group_id"=>"undefined"}
Completed 401 Unauthorized in 1ms (ActiveRecord: 0.0ms)


Started GET "/groups/16/api/messages?id=232" for ::1 at 2019-04-22 17:08:14 +0900
Processing by Api::MessagesController#index as JSON
  Parameters: {"id"=>"232", "group_id"=>"16"}
Completed 401 Unauthorized in 1ms (ActiveRecord: 0.0ms)


Started GET "/groups/undefined/api/messages" for ::1 at 2019-04-22 17:08:15 +0900
Processing by Api::MessagesController#index as JSON
  Parameters: {"group_id"=>"undefined"}
Completed 401 Unauthorized in 1ms (ActiveRecord: 0.0ms)


Started GET "/groups/16/api/messages?id=232" for ::1 at 2019-04-22 17:08:19 +0900
Processing by Api::MessagesController#index as JSON
  Parameters: {"id"=>"232", "group_id"=>"16"}
Completed 401 Unauthorized in 1ms (ActiveRecord: 0.0ms)


Started GET "/groups/undefined/api/messages" for ::1 at 2019-04-22 17:08:20 +0900
Processing by Api::MessagesController#index as JSON
  Parameters: {"group_id"=>"undefined"}
Completed 401 Unauthorized in 1ms (ActiveRecord: 0.0ms)


Started GET "/groups/16/api/messages?id=232" for ::1 at 2019-04-22 17:08:23 +0900
Processing by Api::MessagesController#index as JSON
  Parameters: {"id"=>"232", "group_id"=>"16"}
Completed 401 Unauthorized in 1ms (ActiveRecord: 0.0ms)


Started GET "/groups/undefined/api/messages" for ::1 at 2019-04-22 17:08:25 +0900
Processing by Api::MessagesController#index as JSON
  Parameters: {"group_id"=>"undefined"}
Completed 401 Unauthorized in 1ms (ActiveRecord: 0.0ms)


Started GET "/groups/16/api/messages?id=232" for ::1 at 2019-04-22 17:08:30 +0900
Processing by Api::MessagesController#index as JSON
  Parameters: {"id"=>"232", "group_id"=>"16"}
Completed 401 Unauthorized in 1ms (ActiveRecord: 0.0ms)


Started GET "/groups/undefined/api/messages" for ::1 at 2019-04-22 17:08:30 +0900
Processing by Api::MessagesController#index as JSON
  Parameters: {"group_id"=>"undefined"}
Completed 401 Unauthorized in 1ms (ActiveRecord: 0.0ms)


Started GET "/groups/16/api/messages?id=232" for ::1 at 2019-04-22 17:08:34 +0900
Processing by Api::MessagesController#index as JSON
  Parameters: {"id"=>"232", "group_id"=>"16"}
Completed 401 Unauthorized in 1ms (ActiveRecord: 0.0ms)


Started GET "/groups/undefined/api/messages" for ::1 at 2019-04-22 17:08:35 +0900
Processing by Api::MessagesController#index as JSON
  Parameters: {"group_id"=>"undefined"}
Completed 401 Unauthorized in 1ms (ActiveRecord: 0.0ms)


Started GET "/groups/16/api/messages?id=232" for ::1 at 2019-04-22 17:08:38 +0900
Processing by Api::MessagesController#index as JSON
  Parameters: {"id"=>"232", "group_id"=>"16"}
Completed 401 Unauthorized in 1ms (ActiveRecord: 0.0ms)


Started GET "/groups/undefined/api/messages" for ::1 at 2019-04-22 17:08:39 +0900
Processing by Api::MessagesController#index as JSON
  Parameters: {"group_id"=>"undefined"}
Completed 401 Unauthorized in 1ms (ActiveRecord: 0.0ms)


Started GET "/groups/16/api/messages?id=232" for ::1 at 2019-04-22 17:08:45 +0900
Processing by Api::MessagesController#index as JSON
  Parameters: {"id"=>"232", "group_id"=>"16"}
Completed 401 Unauthorized in 1ms (ActiveRecord: 0.0ms)


Started GET "/groups/undefined/api/messages" for ::1 at 2019-04-22 17:08:46 +0900
Processing by Api::MessagesController#index as JSON
  Parameters: {"group_id"=>"undefined"}
Completed 401 Unauthorized in 1ms (ActiveRecord: 0.0ms)


Started GET "/groups/16/api/messages?id=232" for ::1 at 2019-04-22 17:08:49 +0900
Processing by Api::MessagesController#index as JSON
  Parameters: {"id"=>"232", "group_id"=>"16"}
Completed 401 Unauthorized in 1ms (ActiveRecord: 0.0ms)


Started GET "/groups/undefined/api/messages" for ::1 at 2019-04-22 17:08:50 +0900
Processing by Api::MessagesController#index as JSON
  Parameters: {"group_id"=>"undefined"}
Completed 401 Unauthorized in 1ms (ActiveRecord: 0.0ms)


Started GET "/groups/16/api/messages?id=232" for ::1 at 2019-04-22 17:08:54 +0900
Processing by Api::MessagesController#index as JSON
  Parameters: {"id"=>"232", "group_id"=>"16"}
Completed 401 Unauthorized in 1ms (ActiveRecord: 0.0ms)


Started GET "/groups/undefined/api/messages" for ::1 at 2019-04-22 17:08:55 +0900
Processing by Api::MessagesController#index as JSON
  Parameters: {"group_id"=>"undefined"}
Completed 401 Unauthorized in 1ms (ActiveRecord: 0.0ms)


Started GET "/groups/16/api/messages?id=232" for ::1 at 2019-04-22 17:08:59 +0900
Processing by Api::MessagesController#index as JSON
  Parameters: {"id"=>"232", "group_id"=>"16"}
Completed 401 Unauthorized in 1ms (ActiveRecord: 0.0ms)


Started GET "/groups/undefined/api/messages" for ::1 at 2019-04-22 17:09:00 +0900
Processing by Api::MessagesController#index as JSON
  Parameters: {"group_id"=>"undefined"}
Completed 401 Unauthorized in 1ms (ActiveRecord: 0.0ms)


Started GET "/groups/16/api/messages?id=232" for ::1 at 2019-04-22 17:09:04 +0900
Processing by Api::MessagesController#index as JSON
  Parameters: {"id"=>"232", "group_id"=>"16"}
Completed 401 Unauthorized in 1ms (ActiveRecord: 0.0ms)


Started GET "/groups/undefined/api/messages" for ::1 at 2019-04-22 17:09:05 +0900
Processing by Api::MessagesController#index as JSON
  Parameters: {"group_id"=>"undefined"}
Completed 401 Unauthorized in 1ms (ActiveRecord: 0.0ms)


Started GET "/groups/16/api/messages?id=232" for ::1 at 2019-04-22 17:09:09 +0900
Processing by Api::MessagesController#index as JSON
  Parameters: {"id"=>"232", "group_id"=>"16"}
Completed 401 Unauthorized in 1ms (ActiveRecord: 0.0ms)


Started GET "/groups/undefined/api/messages" for ::1 at 2019-04-22 17:09:10 +0900
Processing by Api::MessagesController#index as JSON
  Parameters: {"group_id"=>"undefined"}
Completed 401 Unauthorized in 1ms (ActiveRecord: 0.0ms)


Started GET "/groups/16/api/messages?id=232" for ::1 at 2019-04-22 17:09:14 +0900
Processing by Api::MessagesController#index as JSON
  Parameters: {"id"=>"232", "group_id"=>"16"}
Completed 401 Unauthorized in 1ms (ActiveRecord: 0.0ms)


Started GET "/groups/undefined/api/messages" for ::1 at 2019-04-22 17:09:15 +0900
Processing by Api::MessagesController#index as JSON
  Parameters: {"group_id"=>"undefined"}
Completed 401 Unauthorized in 1ms (ActiveRecord: 0.0ms)


Started GET "/groups/16/api/messages?id=232" for ::1 at 2019-04-22 17:09:19 +0900
Processing by Api::MessagesController#index as JSON
  Parameters: {"id"=>"232", "group_id"=>"16"}
Completed 401 Unauthorized in 1ms (ActiveRecord: 0.0ms)


Started GET "/groups/undefined/api/messages" for ::1 at 2019-04-22 17:09:20 +0900
Processing by Api::MessagesController#index as JSON
  Parameters: {"group_id"=>"undefined"}
Completed 401 Unauthorized in 1ms (ActiveRecord: 0.0ms)


Started GET "/groups/16/api/messages?id=232" for ::1 at 2019-04-22 17:09:24 +0900
Processing by Api::MessagesController#index as JSON
  Parameters: {"id"=>"232", "group_id"=>"16"}
Completed 401 Unauthorized in 1ms (ActiveRecord: 0.0ms)


Started GET "/groups/undefined/api/messages" for ::1 at 2019-04-22 17:09:25 +0900
Processing by Api::MessagesController#index as JSON
  Parameters: {"group_id"=>"undefined"}
Completed 401 Unauthorized in 1ms (ActiveRecord: 0.0ms)


Started GET "/groups/16/api/messages?id=232" for ::1 at 2019-04-22 17:09:29 +0900
Processing by Api::MessagesController#index as JSON
  Parameters: {"id"=>"232", "group_id"=>"16"}
Completed 401 Unauthorized in 1ms (ActiveRecord: 0.0ms)


Started GET "/groups/undefined/api/messages" for ::1 at 2019-04-22 17:09:30 +0900
Processing by Api::MessagesController#index as JSON
  Parameters: {"group_id"=>"undefined"}
Completed 401 Unauthorized in 1ms (ActiveRecord: 0.0ms)


Started GET "/groups/16/api/messages?id=232" for ::1 at 2019-04-22 17:09:34 +0900
Processing by Api::MessagesController#index as JSON
  Parameters: {"id"=>"232", "group_id"=>"16"}
Completed 401 Unauthorized in 1ms (ActiveRecord: 0.0ms)


Started GET "/groups/undefined/api/messages" for ::1 at 2019-04-22 17:09:35 +0900
Processing by Api::MessagesController#index as JSON
  Parameters: {"group_id"=>"undefined"}
Completed 401 Unauthorized in 1ms (ActiveRecord: 0.0ms)


Started GET "/groups/16/api/messages?id=232" for ::1 at 2019-04-22 17:09:39 +0900
Processing by Api::MessagesController#index as JSON
  Parameters: {"id"=>"232", "group_id"=>"16"}
Completed 401 Unauthorized in 1ms (ActiveRecord: 0.0ms)


Started GET "/groups/undefined/api/messages" for ::1 at 2019-04-22 17:09:40 +0900
Processing by Api::MessagesController#index as JSON
  Parameters: {"group_id"=>"undefined"}
Completed 401 Unauthorized in 1ms (ActiveRecord: 0.0ms)


Started GET "/groups/16/api/messages?id=232" for ::1 at 2019-04-22 17:09:44 +0900
Processing by Api::MessagesController#index as JSON
  Parameters: {"id"=>"232", "group_id"=>"16"}
Completed 401 Unauthorized in 1ms (ActiveRecord: 0.0ms)


Started GET "/groups/undefined/api/messages" for ::1 at 2019-04-22 17:09:45 +0900
Processing by Api::MessagesController#index as JSON
  Parameters: {"group_id"=>"undefined"}
Completed 401 Unauthorized in 1ms (ActiveRecord: 0.0ms)


Started GET "/groups/16/api/messages?id=232" for ::1 at 2019-04-22 17:09:49 +0900
Processing by Api::MessagesController#index as JSON
  Parameters: {"id"=>"232", "group_id"=>"16"}
Completed 401 Unauthorized in 1ms (ActiveRecord: 0.0ms)


Started GET "/groups/undefined/api/messages" for ::1 at 2019-04-22 17:09:50 +0900
Processing by Api::MessagesController#index as JSON
  Parameters: {"group_id"=>"undefined"}
Completed 401 Unauthorized in 1ms (ActiveRecord: 0.0ms)


Started GET "/groups/16/api/messages?id=232" for ::1 at 2019-04-22 17:09:54 +0900
Processing by Api::MessagesController#index as JSON
  Parameters: {"id"=>"232", "group_id"=>"16"}
Completed 401 Unauthorized in 1ms (ActiveRecord: 0.0ms)


Started GET "/groups/undefined/api/messages" for ::1 at 2019-04-22 17:09:55 +0900
Processing by Api::MessagesController#index as JSON
  Parameters: {"group_id"=>"undefined"}
Completed 401 Unauthorized in 1ms (ActiveRecord: 0.0ms)


Started GET "/groups/16/api/messages?id=232" for ::1 at 2019-04-22 17:09:59 +0900
Processing by Api::MessagesController#index as JSON
  Parameters: {"id"=>"232", "group_id"=>"16"}
Completed 401 Unauthorized in 1ms (ActiveRecord: 0.0ms)


Started GET "/groups/undefined/api/messages" for ::1 at 2019-04-22 17:09:59 +0900
Processing by Api::MessagesController#index as JSON
  Parameters: {"group_id"=>"undefined"}
Completed 401 Unauthorized in 1ms (ActiveRecord: 0.0ms)


Started GET "/groups/16/api/messages?id=232" for ::1 at 2019-04-22 17:10:04 +0900
Processing by Api::MessagesController#index as JSON
  Parameters: {"id"=>"232", "group_id"=>"16"}
Completed 401 Unauthorized in 1ms (ActiveRecord: 0.0ms)


Started GET "/groups/undefined/api/messages" for ::1 at 2019-04-22 17:10:06 +0900
Processing by Api::MessagesController#index as JSON
  Parameters: {"group_id"=>"undefined"}
Completed 401 Unauthorized in 1ms (ActiveRecord: 0.0ms)


Started GET "/groups/16/api/messages?id=232" for ::1 at 2019-04-22 17:10:09 +0900
Processing by Api::MessagesController#index as JSON
  Parameters: {"id"=>"232", "group_id"=>"16"}
Completed 401 Unauthorized in 1ms (ActiveRecord: 0.0ms)


Started GET "/groups/undefined/api/messages" for ::1 at 2019-04-22 17:10:10 +0900
Processing by Api::MessagesController#index as JSON
  Parameters: {"group_id"=>"undefined"}
Completed 401 Unauthorized in 1ms (ActiveRecord: 0.0ms)


Started GET "/groups/16/api/messages?id=232" for ::1 at 2019-04-22 17:10:13 +0900
Processing by Api::MessagesController#index as JSON
  Parameters: {"id"=>"232", "group_id"=>"16"}
Completed 401 Unauthorized in 1ms (ActiveRecord: 0.0ms)


Started GET "/groups/undefined/api/messages" for ::1 at 2019-04-22 17:10:15 +0900
Processing by Api::MessagesController#index as JSON
  Parameters: {"group_id"=>"undefined"}
Completed 401 Unauthorized in 2ms (ActiveRecord: 0.0ms)


Started GET "/groups/16/api/messages?id=232" for ::1 at 2019-04-22 17:10:19 +0900
Processing by Api::MessagesController#index as JSON
  Parameters: {"id"=>"232", "group_id"=>"16"}
Completed 401 Unauthorized in 2ms (ActiveRecord: 0.0ms)


Started GET "/groups/undefined/api/messages" for ::1 at 2019-04-22 17:10:19 +0900
Processing by Api::MessagesController#index as JSON
  Parameters: {"group_id"=>"undefined"}
Completed 401 Unauthorized in 1ms (ActiveRecord: 0.0ms)


Started GET "/groups/16/api/messages?id=232" for ::1 at 2019-04-22 17:10:25 +0900
Processing by Api::MessagesController#index as JSON
  Parameters: {"id"=>"232", "group_id"=>"16"}
Completed 401 Unauthorized in 1ms (ActiveRecord: 0.0ms)


Started GET "/groups/undefined/api/messages" for ::1 at 2019-04-22 17:10:26 +0900
Processing by Api::MessagesController#index as JSON
  Parameters: {"group_id"=>"undefined"}
Completed 401 Unauthorized in 1ms (ActiveRecord: 0.0ms)


Started GET "/groups/16/api/messages?id=232" for ::1 at 2019-04-22 17:10:29 +0900
Processing by Api::MessagesController#index as JSON
  Parameters: {"id"=>"232", "group_id"=>"16"}
Completed 401 Unauthorized in 1ms (ActiveRecord: 0.0ms)


Started GET "/groups/undefined/api/messages" for ::1 at 2019-04-22 17:10:30 +0900
Processing by Api::MessagesController#index as JSON
  Parameters: {"group_id"=>"undefined"}
Completed 401 Unauthorized in 1ms (ActiveRecord: 0.0ms)


Started GET "/groups/16/api/messages?id=232" for ::1 at 2019-04-22 17:10:33 +0900
Processing by Api::MessagesController#index as JSON
  Parameters: {"id"=>"232", "group_id"=>"16"}
Completed 401 Unauthorized in 1ms (ActiveRecord: 0.0ms)


Started GET "/groups/undefined/api/messages" for ::1 at 2019-04-22 17:10:34 +0900
Processing by Api::MessagesController#index as JSON
  Parameters: {"group_id"=>"undefined"}
Completed 401 Unauthorized in 1ms (ActiveRecord: 0.0ms)


Started GET "/groups/16/api/messages?id=232" for ::1 at 2019-04-22 17:10:38 +0900
Processing by Api::MessagesController#index as JSON
  Parameters: {"id"=>"232", "group_id"=>"16"}
Completed 401 Unauthorized in 1ms (ActiveRecord: 0.0ms)


Started GET "/groups/undefined/api/messages" for ::1 at 2019-04-22 17:10:41 +0900
Processing by Api::MessagesController#index as JSON
  Parameters: {"group_id"=>"undefined"}
Completed 401 Unauthorized in 1ms (ActiveRecord: 0.0ms)


Started GET "/groups/16/api/messages?id=232" for ::1 at 2019-04-22 17:10:44 +0900
Processing by Api::MessagesController#index as JSON
  Parameters: {"id"=>"232", "group_id"=>"16"}
Completed 401 Unauthorized in 1ms (ActiveRecord: 0.0ms)


Started GET "/groups/undefined/api/messages" for ::1 at 2019-04-22 17:10:44 +0900
Processing by Api::MessagesController#index as JSON
  Parameters: {"group_id"=>"undefined"}
Completed 401 Unauthorized in 1ms (ActiveRecord: 0.0ms)


Started GET "/groups/16/api/messages?id=232" for ::1 at 2019-04-22 17:10:48 +0900
Processing by Api::MessagesController#index as JSON
  Parameters: {"id"=>"232", "group_id"=>"16"}
Completed 401 Unauthorized in 1ms (ActiveRecord: 0.0ms)


Started GET "/groups/undefined/api/messages" for ::1 at 2019-04-22 17:10:49 +0900
Processing by Api::MessagesController#index as JSON
  Parameters: {"group_id"=>"undefined"}
Completed 401 Unauthorized in 1ms (ActiveRecord: 0.0ms)


Started GET "/groups/16/api/messages?id=232" for ::1 at 2019-04-22 17:10:53 +0900
Processing by Api::MessagesController#index as JSON
  Parameters: {"id"=>"232", "group_id"=>"16"}
Completed 401 Unauthorized in 1ms (ActiveRecord: 0.0ms)


Started GET "/groups/undefined/api/messages" for ::1 at 2019-04-22 17:10:54 +0900
Processing by Api::MessagesController#index as JSON
  Parameters: {"group_id"=>"undefined"}
Completed 401 Unauthorized in 1ms (ActiveRecord: 0.0ms)


Started GET "/groups/16/api/messages?id=232" for ::1 at 2019-04-22 17:10:58 +0900
Processing by Api::MessagesController#index as JSON
  Parameters: {"id"=>"232", "group_id"=>"16"}
Completed 401 Unauthorized in 1ms (ActiveRecord: 0.0ms)


Started GET "/groups/undefined/api/messages" for ::1 at 2019-04-22 17:10:59 +0900
Processing by Api::MessagesController#index as JSON
  Parameters: {"group_id"=>"undefined"}
Completed 401 Unauthorized in 1ms (ActiveRecord: 0.0ms)


Started GET "/groups/16/api/messages?id=232" for ::1 at 2019-04-22 17:11:03 +0900
Processing by Api::MessagesController#index as JSON
  Parameters: {"id"=>"232", "group_id"=>"16"}
Completed 401 Unauthorized in 1ms (ActiveRecord: 0.0ms)


Started GET "/groups/undefined/api/messages" for ::1 at 2019-04-22 17:11:04 +0900
Processing by Api::MessagesController#index as JSON
  Parameters: {"group_id"=>"undefined"}
Completed 401 Unauthorized in 1ms (ActiveRecord: 0.0ms)


Started GET "/groups/16/api/messages?id=232" for ::1 at 2019-04-22 17:11:08 +0900
Processing by Api::MessagesController#index as JSON
  Parameters: {"id"=>"232", "group_id"=>"16"}
Completed 401 Unauthorized in 1ms (ActiveRecord: 0.0ms)


Started GET "/groups/undefined/api/messages" for ::1 at 2019-04-22 17:11:09 +0900
Processing by Api::MessagesController#index as JSON
  Parameters: {"group_id"=>"undefined"}
Completed 401 Unauthorized in 1ms (ActiveRecord: 0.0ms)


Started GET "/groups/16/api/messages?id=232" for ::1 at 2019-04-22 17:11:13 +0900
Processing by Api::MessagesController#index as JSON
  Parameters: {"id"=>"232", "group_id"=>"16"}
Completed 401 Unauthorized in 1ms (ActiveRecord: 0.0ms)


Started GET "/groups/undefined/api/messages" for ::1 at 2019-04-22 17:11:14 +0900
Processing by Api::MessagesController#index as JSON
  Parameters: {"group_id"=>"undefined"}
Completed 401 Unauthorized in 1ms (ActiveRecord: 0.0ms)


Started GET "/groups/16/api/messages?id=232" for ::1 at 2019-04-22 17:11:18 +0900
Processing by Api::MessagesController#index as JSON
  Parameters: {"id"=>"232", "group_id"=>"16"}
Completed 401 Unauthorized in 1ms (ActiveRecord: 0.0ms)


Started GET "/groups/undefined/api/messages" for ::1 at 2019-04-22 17:11:19 +0900
Processing by Api::MessagesController#index as JSON
  Parameters: {"group_id"=>"undefined"}
Completed 401 Unauthorized in 1ms (ActiveRecord: 0.0ms)


Started GET "/groups/16/api/messages?id=232" for ::1 at 2019-04-22 17:11:23 +0900
Processing by Api::MessagesController#index as JSON
  Parameters: {"id"=>"232", "group_id"=>"16"}
Completed 401 Unauthorized in 1ms (ActiveRecord: 0.0ms)


Started GET "/groups/undefined/api/messages" for ::1 at 2019-04-22 17:11:24 +0900
Processing by Api::MessagesController#index as JSON
  Parameters: {"group_id"=>"undefined"}
Completed 401 Unauthorized in 1ms (ActiveRecord: 0.0ms)


Started GET "/groups/16/api/messages?id=232" for ::1 at 2019-04-22 17:11:28 +0900
Processing by Api::MessagesController#index as JSON
  Parameters: {"id"=>"232", "group_id"=>"16"}
Completed 401 Unauthorized in 1ms (ActiveRecord: 0.0ms)


Started GET "/groups/undefined/api/messages" for ::1 at 2019-04-22 17:11:29 +0900
Processing by Api::MessagesController#index as JSON
  Parameters: {"group_id"=>"undefined"}
Completed 401 Unauthorized in 1ms (ActiveRecord: 0.0ms)


Started GET "/groups/16/api/messages?id=232" for ::1 at 2019-04-22 17:11:35 +0900
Processing by Api::MessagesController#index as JSON
  Parameters: {"id"=>"232", "group_id"=>"16"}
Completed 401 Unauthorized in 1ms (ActiveRecord: 0.0ms)


Started GET "/groups/undefined/api/messages" for ::1 at 2019-04-22 17:11:36 +0900
Processing by Api::MessagesController#index as JSON
  Parameters: {"group_id"=>"undefined"}
Completed 401 Unauthorized in 1ms (ActiveRecord: 0.0ms)


Started GET "/groups/16/api/messages?id=232" for ::1 at 2019-04-22 17:11:39 +0900
Processing by Api::MessagesController#index as JSON
  Parameters: {"id"=>"232", "group_id"=>"16"}
Completed 401 Unauthorized in 1ms (ActiveRecord: 0.0ms)


Started GET "/groups/undefined/api/messages" for ::1 at 2019-04-22 17:11:40 +0900
Processing by Api::MessagesController#index as JSON
  Parameters: {"group_id"=>"undefined"}
Completed 401 Unauthorized in 1ms (ActiveRecord: 0.0ms)


Started GET "/groups/16/api/messages?id=232" for ::1 at 2019-04-22 17:11:43 +0900
Processing by Api::MessagesController#index as JSON
  Parameters: {"id"=>"232", "group_id"=>"16"}
Completed 401 Unauthorized in 1ms (ActiveRecord: 0.0ms)


Started GET "/groups/undefined/api/messages" for ::1 at 2019-04-22 17:11:44 +0900
Processing by Api::MessagesController#index as JSON
  Parameters: {"group_id"=>"undefined"}
Completed 401 Unauthorized in 1ms (ActiveRecord: 0.0ms)


Started GET "/groups/16/api/messages?id=232" for ::1 at 2019-04-22 17:11:48 +0900
Processing by Api::MessagesController#index as JSON
  Parameters: {"id"=>"232", "group_id"=>"16"}
Completed 401 Unauthorized in 1ms (ActiveRecord: 0.0ms)


Started GET "/groups/undefined/api/messages" for ::1 at 2019-04-22 17:11:49 +0900
Processing by Api::MessagesController#index as JSON
  Parameters: {"group_id"=>"undefined"}
Completed 401 Unauthorized in 1ms (ActiveRecord: 0.0ms)


Started GET "/groups/16/api/messages?id=232" for ::1 at 2019-04-22 17:11:53 +0900
Processing by Api::MessagesController#index as JSON
  Parameters: {"id"=>"232", "group_id"=>"16"}
Completed 401 Unauthorized in 1ms (ActiveRecord: 0.0ms)


Started GET "/groups/undefined/api/messages" for ::1 at 2019-04-22 17:11:54 +0900
Processing by Api::MessagesController#index as JSON
  Parameters: {"group_id"=>"undefined"}
Completed 401 Unauthorized in 1ms (ActiveRecord: 0.0ms)


Started GET "/groups/16/api/messages?id=232" for ::1 at 2019-04-22 17:12:00 +0900
Processing by Api::MessagesController#index as JSON
  Parameters: {"id"=>"232", "group_id"=>"16"}
Completed 401 Unauthorized in 1ms (ActiveRecord: 0.0ms)


Started GET "/groups/undefined/api/messages" for ::1 at 2019-04-22 17:12:01 +0900
Processing by Api::MessagesController#index as JSON
  Parameters: {"group_id"=>"undefined"}
Completed 401 Unauthorized in 1ms (ActiveRecord: 0.0ms)


Started GET "/groups/16/api/messages?id=232" for ::1 at 2019-04-22 17:12:04 +0900
Processing by Api::MessagesController#index as JSON
  Parameters: {"id"=>"232", "group_id"=>"16"}
Completed 401 Unauthorized in 1ms (ActiveRecord: 0.0ms)


Started GET "/groups/undefined/api/messages" for ::1 at 2019-04-22 17:12:04 +0900
Processing by Api::MessagesController#index as JSON
  Parameters: {"group_id"=>"undefined"}
Completed 401 Unauthorized in 1ms (ActiveRecord: 0.0ms)


Started GET "/groups/16/api/messages?id=232" for ::1 at 2019-04-22 17:12:08 +0900
Processing by Api::MessagesController#index as JSON
  Parameters: {"id"=>"232", "group_id"=>"16"}
Completed 401 Unauthorized in 1ms (ActiveRecord: 0.0ms)


Started GET "/groups/undefined/api/messages" for ::1 at 2019-04-22 17:12:09 +0900
Processing by Api::MessagesController#index as JSON
  Parameters: {"group_id"=>"undefined"}
Completed 401 Unauthorized in 1ms (ActiveRecord: 0.0ms)


Started GET "/groups/16/api/messages?id=232" for ::1 at 2019-04-22 17:12:13 +0900
Processing by Api::MessagesController#index as JSON
  Parameters: {"id"=>"232", "group_id"=>"16"}
Completed 401 Unauthorized in 1ms (ActiveRecord: 0.0ms)


Started GET "/groups/undefined/api/messages" for ::1 at 2019-04-22 17:12:14 +0900
Processing by Api::MessagesController#index as JSON
  Parameters: {"group_id"=>"undefined"}
Completed 401 Unauthorized in 1ms (ActiveRecord: 0.0ms)


Started GET "/groups/16/api/messages?id=232" for ::1 at 2019-04-22 17:12:20 +0900
Processing by Api::MessagesController#index as JSON
  Parameters: {"id"=>"232", "group_id"=>"16"}
Completed 401 Unauthorized in 1ms (ActiveRecord: 0.0ms)


Started GET "/groups/undefined/api/messages" for ::1 at 2019-04-22 17:12:21 +0900
Processing by Api::MessagesController#index as JSON
  Parameters: {"group_id"=>"undefined"}
Completed 401 Unauthorized in 1ms (ActiveRecord: 0.0ms)


Started GET "/groups/16/api/messages?id=232" for ::1 at 2019-04-22 17:12:24 +0900
Processing by Api::MessagesController#index as JSON
  Parameters: {"id"=>"232", "group_id"=>"16"}
Completed 401 Unauthorized in 1ms (ActiveRecord: 0.0ms)


Started GET "/groups/undefined/api/messages" for ::1 at 2019-04-22 17:12:25 +0900
Processing by Api::MessagesController#index as JSON
  Parameters: {"group_id"=>"undefined"}
Completed 401 Unauthorized in 1ms (ActiveRecord: 0.0ms)


Started GET "/groups/undefined/api/messages" for ::1 at 2019-04-22 17:12:29 +0900
Processing by Api::MessagesController#index as JSON
  Parameters: {"group_id"=>"undefined"}
Completed 401 Unauthorized in 1ms (ActiveRecord: 0.0ms)


Started GET "/groups/16/api/messages?id=232" for ::1 at 2019-04-22 17:12:29 +0900
Processing by Api::MessagesController#index as JSON
  Parameters: {"id"=>"232", "group_id"=>"16"}
Completed 401 Unauthorized in 1ms (ActiveRecord: 0.0ms)


Started GET "/groups/16/api/messages?id=232" for ::1 at 2019-04-22 17:12:33 +0900
Processing by Api::MessagesController#index as JSON
  Parameters: {"id"=>"232", "group_id"=>"16"}
Completed 401 Unauthorized in 1ms (ActiveRecord: 0.0ms)


Started GET "/groups/undefined/api/messages" for ::1 at 2019-04-22 17:12:35 +0900
Processing by Api::MessagesController#index as JSON
  Parameters: {"group_id"=>"undefined"}
Completed 401 Unauthorized in 1ms (ActiveRecord: 0.0ms)


Started GET "/groups/16/api/messages?id=232" for ::1 at 2019-04-22 17:12:40 +0900
Processing by Api::MessagesController#index as JSON
  Parameters: {"id"=>"232", "group_id"=>"16"}
Completed 401 Unauthorized in 1ms (ActiveRecord: 0.0ms)


Started GET "/groups/undefined/api/messages" for ::1 at 2019-04-22 17:12:40 +0900
Processing by Api::MessagesController#index as JSON
  Parameters: {"group_id"=>"undefined"}
Completed 401 Unauthorized in 1ms (ActiveRecord: 0.0ms)


Started GET "/groups/16/api/messages?id=232" for ::1 at 2019-04-22 17:12:44 +0900
Processing by Api::MessagesController#index as JSON
  Parameters: {"id"=>"232", "group_id"=>"16"}
Completed 401 Unauthorized in 1ms (ActiveRecord: 0.0ms)


Started GET "/groups/undefined/api/messages" for ::1 at 2019-04-22 17:12:45 +0900
Processing by Api::MessagesController#index as JSON
  Parameters: {"group_id"=>"undefined"}
Completed 401 Unauthorized in 1ms (ActiveRecord: 0.0ms)


Started GET "/groups/16/api/messages?id=232" for ::1 at 2019-04-22 17:12:49 +0900
Processing by Api::MessagesController#index as JSON
  Parameters: {"id"=>"232", "group_id"=>"16"}
Completed 401 Unauthorized in 1ms (ActiveRecord: 0.0ms)


Started GET "/groups/undefined/api/messages" for ::1 at 2019-04-22 17:12:49 +0900
Processing by Api::MessagesController#index as JSON
  Parameters: {"group_id"=>"undefined"}
Completed 401 Unauthorized in 1ms (ActiveRecord: 0.0ms)


Started GET "/groups/16/api/messages?id=232" for ::1 at 2019-04-22 17:12:54 +0900
Processing by Api::MessagesController#index as JSON
  Parameters: {"id"=>"232", "group_id"=>"16"}
Completed 401 Unauthorized in 1ms (ActiveRecord: 0.0ms)


Started GET "/groups/undefined/api/messages" for ::1 at 2019-04-22 17:12:55 +0900
Processing by Api::MessagesController#index as JSON
  Parameters: {"group_id"=>"undefined"}
Completed 401 Unauthorized in 1ms (ActiveRecord: 0.0ms)


Started GET "/groups/16/api/messages?id=232" for ::1 at 2019-04-22 17:12:58 +0900
Processing by Api::MessagesController#index as JSON
  Parameters: {"id"=>"232", "group_id"=>"16"}
Completed 401 Unauthorized in 7ms (ActiveRecord: 0.0ms)


Started GET "/groups/undefined/api/messages" for ::1 at 2019-04-22 17:12:59 +0900
Processing by Api::MessagesController#index as JSON
  Parameters: {"group_id"=>"undefined"}
Completed 401 Unauthorized in 1ms (ActiveRecord: 0.0ms)


Started GET "/groups/16/api/messages?id=232" for ::1 at 2019-04-22 17:13:03 +0900
Processing by Api::MessagesController#index as JSON
  Parameters: {"id"=>"232", "group_id"=>"16"}
Completed 401 Unauthorized in 1ms (ActiveRecord: 0.0ms)


Started GET "/groups/undefined/api/messages" for ::1 at 2019-04-22 17:13:04 +0900
Processing by Api::MessagesController#index as JSON
  Parameters: {"group_id"=>"undefined"}
Completed 401 Unauthorized in 1ms (ActiveRecord: 0.0ms)


Started GET "/groups/16/api/messages?id=232" for ::1 at 2019-04-22 17:13:10 +0900
Processing by Api::MessagesController#index as JSON
  Parameters: {"id"=>"232", "group_id"=>"16"}
Completed 401 Unauthorized in 1ms (ActiveRecord: 0.0ms)


Started GET "/groups/undefined/api/messages" for ::1 at 2019-04-22 17:13:11 +0900
Processing by Api::MessagesController#index as JSON
  Parameters: {"group_id"=>"undefined"}
Completed 401 Unauthorized in 1ms (ActiveRecord: 0.0ms)


Started GET "/groups/16/api/messages?id=232" for ::1 at 2019-04-22 17:13:14 +0900
Processing by Api::MessagesController#index as JSON
  Parameters: {"id"=>"232", "group_id"=>"16"}
Completed 401 Unauthorized in 1ms (ActiveRecord: 0.0ms)


Started GET "/groups/undefined/api/messages" for ::1 at 2019-04-22 17:13:15 +0900
Processing by Api::MessagesController#index as JSON
  Parameters: {"group_id"=>"undefined"}
Completed 401 Unauthorized in 1ms (ActiveRecord: 0.0ms)


Started GET "/groups/16/api/messages?id=232" for ::1 at 2019-04-22 17:13:18 +0900
Processing by Api::MessagesController#index as JSON
  Parameters: {"id"=>"232", "group_id"=>"16"}
Completed 401 Unauthorized in 1ms (ActiveRecord: 0.0ms)


Started GET "/groups/undefined/api/messages" for ::1 at 2019-04-22 17:13:19 +0900
Processing by Api::MessagesController#index as JSON
  Parameters: {"group_id"=>"undefined"}
Completed 401 Unauthorized in 1ms (ActiveRecord: 0.0ms)


Started GET "/groups/16/api/messages?id=232" for ::1 at 2019-04-22 17:13:23 +0900
Processing by Api::MessagesController#index as JSON
  Parameters: {"id"=>"232", "group_id"=>"16"}
Completed 401 Unauthorized in 1ms (ActiveRecord: 0.0ms)


Started GET "/groups/undefined/api/messages" for ::1 at 2019-04-22 17:13:24 +0900
Processing by Api::MessagesController#index as JSON
  Parameters: {"group_id"=>"undefined"}
Completed 401 Unauthorized in 1ms (ActiveRecord: 0.0ms)


Started GET "/groups/16/api/messages?id=232" for ::1 at 2019-04-22 17:13:28 +0900
Processing by Api::MessagesController#index as JSON
  Parameters: {"id"=>"232", "group_id"=>"16"}
Completed 401 Unauthorized in 1ms (ActiveRecord: 0.0ms)


Started GET "/groups/undefined/api/messages" for ::1 at 2019-04-22 17:13:29 +0900
Processing by Api::MessagesController#index as JSON
  Parameters: {"group_id"=>"undefined"}
Completed 401 Unauthorized in 1ms (ActiveRecord: 0.0ms)


Started GET "/groups/16/api/messages?id=232" for ::1 at 2019-04-22 17:13:33 +0900
Processing by Api::MessagesController#index as JSON
  Parameters: {"id"=>"232", "group_id"=>"16"}
Completed 401 Unauthorized in 1ms (ActiveRecord: 0.0ms)


Started GET "/groups/undefined/api/messages" for ::1 at 2019-04-22 17:13:34 +0900
Processing by Api::MessagesController#index as JSON
  Parameters: {"group_id"=>"undefined"}
Completed 401 Unauthorized in 1ms (ActiveRecord: 0.0ms)


Started GET "/groups/16/api/messages?id=232" for ::1 at 2019-04-22 17:13:40 +0900
Processing by Api::MessagesController#index as JSON
  Parameters: {"id"=>"232", "group_id"=>"16"}
Completed 401 Unauthorized in 1ms (ActiveRecord: 0.0ms)


Started GET "/groups/undefined/api/messages" for ::1 at 2019-04-22 17:13:40 +0900
Processing by Api::MessagesController#index as JSON
  Parameters: {"group_id"=>"undefined"}
Completed 401 Unauthorized in 1ms (ActiveRecord: 0.0ms)


Started GET "/groups/16/api/messages?id=232" for ::1 at 2019-04-22 17:13:43 +0900
Processing by Api::MessagesController#index as JSON
  Parameters: {"id"=>"232", "group_id"=>"16"}
Completed 401 Unauthorized in 1ms (ActiveRecord: 0.0ms)


Started GET "/groups/undefined/api/messages" for ::1 at 2019-04-22 17:13:44 +0900
Processing by Api::MessagesController#index as JSON
  Parameters: {"group_id"=>"undefined"}
Completed 401 Unauthorized in 1ms (ActiveRecord: 0.0ms)


Started GET "/groups/16/api/messages?id=232" for ::1 at 2019-04-22 17:13:48 +0900
Processing by Api::MessagesController#index as JSON
  Parameters: {"id"=>"232", "group_id"=>"16"}
Completed 401 Unauthorized in 1ms (ActiveRecord: 0.0ms)


Started GET "/groups/undefined/api/messages" for ::1 at 2019-04-22 17:13:49 +0900
Processing by Api::MessagesController#index as JSON
  Parameters: {"group_id"=>"undefined"}
Completed 401 Unauthorized in 1ms (ActiveRecord: 0.0ms)


Started GET "/groups/16/api/messages?id=232" for ::1 at 2019-04-22 17:13:53 +0900
Processing by Api::MessagesController#index as JSON
  Parameters: {"id"=>"232", "group_id"=>"16"}
Completed 401 Unauthorized in 1ms (ActiveRecord: 0.0ms)


Started GET "/groups/undefined/api/messages" for ::1 at 2019-04-22 17:13:54 +0900
Processing by Api::MessagesController#index as JSON
  Parameters: {"group_id"=>"undefined"}
Completed 401 Unauthorized in 1ms (ActiveRecord: 0.0ms)


